=== Python twin: 10000 ticks (RNG seed 2026), data from world_full.json ===
  (progress log every 1000 ticks for this run length)

-- baseline (after load + autonomy warmup; calendar day 25 before scripted advances) --
  player: money=300  fleet=1  cargo_cap=24  ship=100/100  port=akragas  at_sea=False  |  world_treasury=0c  |  npc: agents=2232  ships=2247  at_sea=2039  total_purse=509843
  npc merchant balance_sheet(all)=1357981c  investments=848138c  (fleet_book=539280c + cargo_mark=308858c)
  port acre_feed   wealth= 246 (attract= 130)  grain= 115  wine=   5  m= 16 w= 12  spoil= 3  food_days= 28.8  unrest=  0 (Calm)  pop=4 out×1.00 fam=0 pro=24  ind_mwtx= 1/ 1/ 1/ 1      npc_wholesale buy=0u/0c sell=6u/131c
  port agde_bread  wealth= 198 (attract= 123)  grain=  87  wine=   9  m= 12 w=  0  spoil= 2  food_days= 21.8  unrest=  0 (Calm)  pop=4 out×1.00 fam=0 pro=24  ind_mwtx= 1/ 1/ 1/ 1      npc_wholesale buy=10u/30c sell=1u/5c
  port ager_narbonensis  wealth= 227 (attract= 123)  grain=  91  wine=   6  m=  7 w=  1  spoil= 2  food_days= 22.8  unrest=  0 (Calm)  pop=4 out×1.00 fam=0 pro=24  ind_mwtx= 1/ 0/ 1/ 1      npc_wholesale buy=2u/50c sell=14u/76c
  port akragas     wealth= 893 (attract= 158)  grain= 164  wine=   8  m= 23 w= 23  spoil= 3  food_days= 20.5  unrest=  0 (Calm)  pop=8 out×1.00 fam=0 pro=24  ind_mwtx= 1/ 1/ 2/ 2      npc_wholesale buy=31u/202c sell=34u/312c
  port aleria      wealth=1150 (attract= 126)  grain=  55  wine=  26  m= 26 w= 24  spoil= 1  food_days= 11.0  unrest=  0 (Calm)  pop=5 out×1.00 fam=0 pro=24  ind_mwtx= 1/ 1/ 1/ 1      npc_wholesale buy=36u/166c sell=58u/303c
  port alexandria  wealth=1075 (attract= 187)  grain= 103  wine=  36  m= 22 w= 32  spoil= 2  food_days=  7.9  unrest=  4 (Calm)  pop=13 out×1.00 fam=0 pro=24  ind_mwtx= 3/ 3/ 3/ 3      npc_wholesale buy=28u/107c sell=61u/390c
  port antipolis   wealth= 530 (attract=  99)  grain=  50  wine=   0  m= 26 w= 34  spoil= 1  food_days= 10.0  unrest=  4 (Calm)  pop=5 out×1.00 fam=0 pro=24  ind_mwtx= 1/ 1/ 2/ 2      npc_wholesale buy=13u/159c sell=23u/158c
  port antium_coast  wealth= 196 (attract= 118)  grain=  77  wine=   7  m=  3 w= 17  spoil= 2  food_days= 19.2  unrest=  0 (Calm)  pop=4 out×1.00 fam=0 pro=24  ind_mwtx= 0/ 1/ 1/ 1      npc_wholesale buy=6u/23c sell=4u/49c
  port apollonia_cyrenaica  wealth= 446 (attract= 112)  grain=  52  wine=   1  m= 26 w= 21  spoil= 1  food_days=  7.4  unrest=  4 (Calm)  pop=7 out×1.00 fam=0 pro=24  ind_mwtx= 1/ 1/ 2/ 2      npc_wholesale buy=15u/144c sell=14u/84c
  port arados      wealth= 337 (attract= 120)  grain=  50  wine=   7  m= 18 w=  0  spoil= 1  food_days=  7.1  unrest=  4 (Calm)  pop=7 out×1.00 fam=0 pro=24  ind_mwtx= 1/ 0/ 0/ 1      npc_wholesale buy=12u/102c sell=18u/94c
  port arelate_bread  wealth= 202 (attract= 123)  grain= 105  wine=   6  m=  1 w=  3  spoil= 2  food_days= 26.2  unrest=  0 (Calm)  pop=4 out×1.00 fam=0 pro=24  ind_mwtx= 1/ 1/ 1/ 1      npc_wholesale buy=0u/0c sell=0u/0c
  port athens_piraeus  wealth= 535 (attract= 139)  grain=  47  wine=   5  m= 16 w= 17  spoil= 1  food_days=  3.6  unrest=  4 (Calm)  pop=13 out×1.00 fam=0 pro=24  ind_mwtx= 3/ 3/ 0/ 4      npc_wholesale buy=1u/2c sell=8u/32c
  port baitis_estuary  wealth= 188 (attract= 125)  grain=  91  wine=   7  m=  8 w=  0  spoil= 2  food_days= 22.8  unrest=  0 (Calm)  pop=4 out×1.00 fam=0 pro=24  ind_mwtx= 1/ 0/ 1/ 1      npc_wholesale buy=0u/0c sell=0u/0c
  port byblos      wealth= 204 (attract= 114)  grain=  38  wine=   7  m= 12 w=  0  spoil= 1  food_days=  5.4  unrest=  4 (Calm)  pop=7 out×1.00 fam=0 pro=24  ind_mwtx= 1/ 0/ 2/ 1      npc_wholesale buy=0u/0c sell=1u/9c
  port byzantion   wealth= 576 (attract= 113)  grain=  51  wine=  15  m= 18 w=  7  spoil= 1  food_days=  4.2  unrest=  4 (Calm)  pop=12 out×1.00 fam=0 pro=24  ind_mwtx= 3/ 2/ 4/ 2      npc_wholesale buy=1u/24c sell=17u/75c
  port caere       wealth= 420 (attract= 108)  grain=  45  wine=   9  m= 12 w=  6  spoil= 1  food_days=  6.4  unrest=  4 (Calm)  pop=7 out×1.00 fam=0 pro=24  ind_mwtx= 4/ 3/ 1/ 1      npc_wholesale buy=4u/83c sell=25u/353c
  port caralis     wealth= 243 (attract= 114)  grain=  44  wine=   6  m=  5 w=  0  spoil= 1  food_days=  6.3  unrest=  4 (Calm)  pop=7 out×1.00 fam=0 pro=24  ind_mwtx= 1/ 1/ 0/ 1      npc_wholesale buy=0u/0c sell=1u/12c
  port carteia_coast  wealth= 237 (attract= 131)  grain=  85  wine=   5  m= 23 w= 22  spoil= 2  food_days= 21.2  unrest=  0 (Calm)  pop=4 out×1.00 fam=0 pro=24  ind_mwtx= 1/ 1/ 1/ 1      npc_wholesale buy=2u/32c sell=7u/161c
  port carthage    wealth= 357 (attract= 159)  grain=  27  wine=   3  m= 25 w=  3  spoil= 1  food_days=  1.7  unrest=  4 (Calm)  pop=16 out×1.00 fam=0 pro=20  ind_mwtx= 3/ 1/ 0/ 1      npc_wholesale buy=0u/0c sell=9u/62c
  port carthago_nova  wealth= 455 (attract= 133)  grain=  52  wine=  23  m= 31 w= 14  spoil= 1  food_days=  4.3  unrest=  4 (Calm)  pop=12 out×1.00 fam=0 pro=22  ind_mwtx= 7/ 4/ 1/ 1      npc_wholesale buy=1u/1c sell=44u/271c
  port catane      wealth= 380 (attract= 131)  grain=  66  wine=  16  m= 22 w= 11  spoil= 2  food_days=  7.3  unrest=  4 (Calm)  pop=9 out×1.12 fam=0 pro=17  ind_mwtx= 1/ 1/ 1/ 1      npc_wholesale buy=0u/0c sell=17u/141c
  port cenchreae_bread  wealth= 222 (attract= 124)  grain=  93  wine=   6  m= 12 w=  7  spoil= 2  food_days= 23.2  unrest=  0 (Calm)  pop=4 out×1.00 fam=0 pro=24  ind_mwtx= 1/ 1/ 1/ 1      npc_wholesale buy=0u/0c sell=4u/35c
  port chalcedon   wealth= 130 (attract=  82)  grain=  14  wine=   8  m= 12 w= 13  spoil= 1  food_days=  2.8  unrest=  4 (Calm)  pop=5 out×1.00 fam=0 pro=22  ind_mwtx= 1/ 1/ 0/ 0      npc_wholesale buy=0u/0c sell=10u/51c
  port chalcis     wealth= 176 (attract= 103)  grain=  26  wine=   5  m= 13 w= 19  spoil= 1  food_days=  3.2  unrest=  4 (Calm)  pop=8 out×1.14 fam=0 pro=13  ind_mwtx= 1/ 1/ 1/ 0      npc_wholesale buy=0u/0c sell=2u/4c
  port chersonesos  wealth= 212 (attract= 122)  grain=  66  wine=   6  m=  5 w=  3  spoil= 2  food_days=  8.2  unrest=  4 (Calm)  pop=8 out×1.00 fam=0 pro=24  ind_mwtx= 1/ 1/ 0/ 2      npc_wholesale buy=0u/0c sell=10u/100c
  port corinth     wealth= 228 (attract= 125)  grain=  21  wine=   2  m=  0 w=  1  spoil= 1  food_days=  2.1  unrest=  4 (Calm)  pop=10 out×1.00 fam=0 pro=22  ind_mwtx= 2/ 3/ 0/ 0      npc_wholesale buy=0u/0c sell=4u/11c
  port croton      wealth= 257 (attract= 109)  grain=  50  wine=   5  m= 17 w= 23  spoil= 1  food_days=  7.1  unrest=  4 (Calm)  pop=7 out×1.00 fam=0 pro=24  ind_mwtx= 1/ 1/ 2/ 2      npc_wholesale buy=0u/0c sell=8u/74c
  port cumae       wealth= 219 (attract= 101)  grain=  18  wine=   6  m=  0 w= 14  spoil= 1  food_days=  2.2  unrest=  4 (Calm)  pop=8 out×1.14 fam=0 pro=13  ind_mwtx= 0/ 1/ 0/ 0      npc_wholesale buy=0u/0c sell=1u/18c
  port cyrene      wealth= 221 (attract= 127)  grain=  66  wine=  12  m=  8 w=  1  spoil= 2  food_days=  8.2  unrest=  4 (Calm)  pop=8 out×1.00 fam=0 pro=24  ind_mwtx= 1/ 1/ 2/ 0      npc_wholesale buy=5u/15c sell=16u/94c
  port dor_coast_bread  wealth= 243 (attract= 128)  grain=  82  wine=   8  m= 16 w= 13  spoil= 2  food_days= 20.5  unrest=  0 (Calm)  pop=4 out×1.00 fam=0 pro=24  ind_mwtx= 1/ 1/ 1/ 1      npc_wholesale buy=0u/0c sell=2u/12c
  port emporion    wealth= 176 (attract= 106)  grain=  28  wine=  10  m= 19 w= 14  spoil= 1  food_days=  4.0  unrest=  4 (Calm)  pop=7 out×1.00 fam=0 pro=24  ind_mwtx= 1/ 1/ 0/ 2      npc_wholesale buy=0u/0c sell=2u/8c
  port ephesus     wealth= 276 (attract= 128)  grain=  48  wine=   2  m=  2 w=  0  spoil= 1  food_days=  4.8  unrest=  4 (Calm)  pop=10 out×1.00 fam=0 pro=24  ind_mwtx= 0/ 1/ 1/ 0      npc_wholesale buy=3u/3c sell=7u/53c
  port eretria     wealth= 212 (attract= 103)  grain=  25  wine=   7  m= 14 w= 22  spoil= 1  food_days=  3.6  unrest=  4 (Calm)  pop=7 out×1.00 fam=0 pro=24  ind_mwtx= 1/ 1/ 2/ 0      npc_wholesale buy=0u/0c sell=2u/39c
  port gades       wealth= 256 (attract= 150)  grain=   0  wine=   0  m= 14 w=  0  spoil= 0  food_days=  0.0  unrest=  6 (Calm)  pop=13 out×1.00 fam=0 pro=0  ind_mwtx= 7/ 3/ 0/ 2      npc_wholesale buy=7u/41c sell=2u/22c
  port gela        wealth= 227 (attract= 119)  grain=  67  wine=   5  m= 21 w= 10  spoil= 2  food_days=  8.4  unrest=  4 (Calm)  pop=8 out×1.00 fam=0 pro=24  ind_mwtx= 1/ 1/ 1/ 1      npc_wholesale buy=0u/0c sell=1u/2c
  port gythion     wealth= 194 (attract= 105)  grain=  19  wine=   8  m=  8 w= 13  spoil= 1  food_days=  2.7  unrest=  4 (Calm)  pop=7 out×1.00 fam=0 pro=16  ind_mwtx= 1/ 1/ 2/ 0      npc_wholesale buy=1u/25c sell=13u/190c
  port halicarnassus  wealth= 207 (attract= 108)  grain=  44  wine=   5  m= 13 w= 16  spoil= 1  food_days=  6.3  unrest=  4 (Calm)  pop=7 out×1.00 fam=0 pro=24  ind_mwtx= 1/ 1/ 1/ 1      npc_wholesale buy=6u/12c sell=14u/60c
  port hippo       wealth= 244 (attract= 130)  grain=  77  wine=   6  m= 43 w= 31  spoil= 2  food_days= 11.0  unrest=  0 (Calm)  pop=7 out×1.00 fam=0 pro=24  ind_mwtx= 1/ 1/ 1/ 1      npc_wholesale buy=5u/15c sell=8u/56c
  port kition      wealth= 377 (attract= 127)  grain=  50  wine=   6  m= 29 w= 32  spoil= 1  food_days=  7.1  unrest=  4 (Calm)  pop=7 out×1.00 fam=0 pro=24  ind_mwtx= 5/ 3/ 2/ 1      npc_wholesale buy=20u/114c sell=13u/100c
  port knossos     wealth= 231 (attract= 110)  grain=  45  wine=   7  m= 21 w= 27  spoil= 1  food_days=  6.4  unrest=  4 (Calm)  pop=7 out×1.00 fam=0 pro=24  ind_mwtx= 1/ 1/ 0/ 2      npc_wholesale buy=1u/1c sell=2u/10c
  port kourion_coast  wealth= 216 (attract= 123)  grain=  58  wine=   8  m= 20 w= 14  spoil= 2  food_days= 14.5  unrest=  0 (Calm)  pop=4 out×1.00 fam=0 pro=24  ind_mwtx= 1/ 1/ 1/ 1      npc_wholesale buy=6u/114c sell=3u/20c
  port kydonia     wealth= 201 (attract=  90)  grain=  38  wine=   8  m= 17 w= 19  spoil= 1  food_days=  7.6  unrest=  4 (Calm)  pop=5 out×1.00 fam=0 pro=24  ind_mwtx= 1/ 1/ 2/ 2      npc_wholesale buy=1u/6c sell=16u/90c
  port larnaca_fields  wealth= 194 (attract= 132)  grain=  83  wine=  12  m= 16 w= 12  spoil= 2  food_days= 20.8  unrest=  0 (Calm)  pop=4 out×1.00 fam=0 pro=24  ind_mwtx= 1/ 1/ 1/ 1      npc_wholesale buy=3u/33c sell=5u/26c
  port lepcis_minor_bread  wealth= 231 (attract= 130)  grain=  84  wine=   6  m= 25 w= 21  spoil= 2  food_days= 21.0  unrest=  0 (Calm)  pop=4 out×1.00 fam=0 pro=24  ind_mwtx= 1/ 1/ 1/ 1      npc_wholesale buy=5u/15c sell=0u/0c
  port leptis_magna  wealth= 201 (attract= 111)  grain=  30  wine=   4  m=  5 w=  1  spoil= 1  food_days=  4.3  unrest=  4 (Calm)  pop=7 out×1.00 fam=0 pro=24  ind_mwtx= 1/ 2/ 0/ 1      npc_wholesale buy=0u/0c sell=2u/14c
  port licata_bread  wealth= 193 (attract= 120)  grain=  99  wine=   4  m= 12 w=  6  spoil= 2  food_days= 24.8  unrest=  0 (Calm)  pop=4 out×1.00 fam=0 pro=24  ind_mwtx= 1/ 1/ 1/ 1      npc_wholesale buy=0u/0c sell=0u/0c
  port locri       wealth= 185 (attract= 105)  grain=  13  wine=   8  m= 13 w= 15  spoil= 1  food_days=  1.9  unrest=  4 (Calm)  pop=7 out×1.00 fam=0 pro=22  ind_mwtx= 1/ 1/ 0/ 0      npc_wholesale buy=0u/0c sell=0u/0c
  port malaka      wealth= 254 (attract= 124)  grain=  46  wine=   5  m= 13 w=  0  spoil= 1  food_days=  6.6  unrest=  4 (Calm)  pop=7 out×1.00 fam=0 pro=24  ind_mwtx= 1/ 1/ 0/ 1      npc_wholesale buy=5u/5c sell=11u/38c
  port maroni_plain  wealth= 207 (attract= 123)  grain=  87  wine=   6  m= 11 w= 18  spoil= 2  food_days= 21.8  unrest=  0 (Calm)  pop=4 out×1.00 fam=0 pro=24  ind_mwtx= 1/ 1/ 1/ 1      npc_wholesale buy=0u/0c sell=5u/39c
  port massalia    wealth= 237 (attract= 125)  grain=  47  wine=   1  m=  1 w=  0  spoil= 1  food_days=  4.7  unrest=  4 (Calm)  pop=10 out×1.00 fam=0 pro=24  ind_mwtx= 0/ 0/ 0/ 0      npc_wholesale buy=0u/0c sell=7u/53c
  port mazara_bread  wealth= 213 (attract= 117)  grain=  83  wine=   7  m=  4 w=  0  spoil= 2  food_days= 20.8  unrest=  0 (Calm)  pop=4 out×1.00 fam=0 pro=24  ind_mwtx= 1/ 0/ 1/ 1      npc_wholesale buy=0u/0c sell=7u/49c
  port megara      wealth= 176 (attract=  84)  grain=  26  wine=   2  m=  9 w= 10  spoil= 1  food_days=  5.2  unrest=  4 (Calm)  pop=5 out×1.00 fam=0 pro=24  ind_mwtx= 1/ 1/ 0/ 2      npc_wholesale buy=0u/0c sell=0u/0c
  port memphis     wealth= 179 (attract= 144)  grain= 203  wine=   8  m=  2 w=  3  spoil= 4  food_days= 25.4  unrest=  0 (Calm)  pop=8 out×1.00 fam=0 pro=24  ind_mwtx= 1/ 0/ 1/ 1      npc_wholesale buy=0u/0c sell=3u/24c
  port messana     wealth= 327 (attract= 120)  grain=  83  wine=   2  m= 26 w= 14  spoil= 2  food_days=  8.3  unrest=  4 (Calm)  pop=10 out×1.00 fam=0 pro=24  ind_mwtx= 2/ 3/ 3/ 1      npc_wholesale buy=1u/6c sell=8u/77c
  port miletus     wealth= 187 (attract= 120)  grain=   6  wine=   1  m=  0 w=  1  spoil= 1  food_days=  0.6  unrest=  4 (Calm)  pop=10 out×1.00 fam=0 pro=2  ind_mwtx= 1/ 0/ 0/ 0      npc_wholesale buy=0u/0c sell=1u/16c
  port motya       wealth= 237 (attract= 117)  grain=  47  wine=   6  m= 23 w=  0  spoil= 1  food_days=  6.7  unrest=  4 (Calm)  pop=7 out×1.00 fam=0 pro=24  ind_mwtx= 1/ 0/ 2/ 1      npc_wholesale buy=0u/0c sell=12u/89c
  port naucratis   wealth= 226 (attract= 149)  grain= 214  wine=   6  m= 11 w=  2  spoil= 4  food_days= 26.8  unrest=  0 (Calm)  pop=8 out×1.00 fam=0 pro=24  ind_mwtx= 1/ 1/ 0/ 2      npc_wholesale buy=0u/0c sell=8u/44c
  port naxos_sicily  wealth= 137 (attract=  87)  grain=  22  wine=   7  m=  8 w= 20  spoil= 1  food_days=  4.4  unrest=  4 (Calm)  pop=5 out×1.00 fam=0 pro=24  ind_mwtx= 1/ 1/ 0/ 0      npc_wholesale buy=0u/0c sell=0u/0c
  port neapolis    wealth= 355 (attract= 134)  grain=  50  wine=   0  m= 29 w= 13  spoil= 1  food_days=  5.6  unrest=  4 (Calm)  pop=9 out×1.00 fam=0 pro=24  ind_mwtx= 2/ 2/ 1/ 3      npc_wholesale buy=8u/48c sell=9u/20c
  port nikaia      wealth= 140 (attract=  86)  grain=  31  wine=   8  m= 10 w= 14  spoil= 1  food_days=  6.2  unrest=  4 (Calm)  pop=5 out×1.00 fam=0 pro=24  ind_mwtx= 1/ 1/ 0/ 1      npc_wholesale buy=0u/0c sell=0u/0c
  port oea         wealth= 212 (attract= 101)  grain=  32  wine=  10  m= 10 w=  3  spoil= 1  food_days=  6.4  unrest=  4 (Calm)  pop=5 out×1.00 fam=0 pro=24  ind_mwtx= 1/ 3/ 2/ 1      npc_wholesale buy=0u/0c sell=10u/84c
  port olbia_pontic  wealth= 211 (attract= 121)  grain=  66  wine=   5  m= 13 w=  0  spoil= 2  food_days=  8.2  unrest=  4 (Calm)  pop=8 out×1.00 fam=0 pro=24  ind_mwtx= 1/ 0/ 2/ 2      npc_wholesale buy=0u/0c sell=8u/79c
  port olbia_sardinia  wealth= 229 (attract= 113)  grain=  33  wine=   6  m= 20 w=  0  spoil= 1  food_days=  4.7  unrest=  4 (Calm)  pop=7 out×1.00 fam=0 pro=24  ind_mwtx= 1/ 0/ 0/ 1      npc_wholesale buy=2u/20c sell=15u/78c
  port onoba_bread  wealth= 196 (attract= 134)  grain= 107  wine=   7  m= 20 w= 23  spoil= 2  food_days= 26.8  unrest=  0 (Calm)  pop=4 out×1.00 fam=0 pro=24  ind_mwtx= 1/ 1/ 1/ 1      npc_wholesale buy=0u/0c sell=0u/0c
  port ostia       wealth= 499 (attract= 104)  grain=  43  wine=   3  m= 18 w=  8  spoil= 1  food_days=  3.9  unrest=  4 (Calm)  pop=11 out×1.00 fam=0 pro=24  ind_mwtx= 4/ 3/ 2/ 2      npc_wholesale buy=1u/16c sell=24u/365c
  port panormus    wealth= 314 (attract= 135)  grain=  56  wine=   5  m= 19 w= 22  spoil= 1  food_days=  6.2  unrest=  4 (Calm)  pop=9 out×1.00 fam=0 pro=24  ind_mwtx= 2/ 2/ 0/ 2      npc_wholesale buy=9u/126c sell=0u/0c
  port pantikapaion  wealth= 214 (attract= 124)  grain=  27  wine=   8  m=  0 w=  0  spoil= 1  food_days=  2.7  unrest=  4 (Calm)  pop=10 out×1.00 fam=0 pro=24  ind_mwtx= 0/ 0/ 0/ 0      npc_wholesale buy=0u/0c sell=0u/0c
  port paphos      wealth= 185 (attract= 103)  grain=   9  wine=   8  m= 11 w= 18  spoil= 1  food_days=  1.3  unrest=  4 (Calm)  pop=7 out×1.00 fam=0 pro=11  ind_mwtx= 1/ 1/ 2/ 2      npc_wholesale buy=0u/0c sell=4u/37c
  port populonia   wealth= 184 (attract= 101)  grain=  21  wine=   5  m=  2 w= 20  spoil= 1  food_days=  3.0  unrest=  4 (Calm)  pop=7 out×1.00 fam=0 pro=24  ind_mwtx= 8/ 3/ 1/ 1      npc_wholesale buy=10u/36c sell=0u/0c
  port poseidonia  wealth= 272 (attract= 106)  grain=  42  wine=   7  m= 20 w= 16  spoil= 1  food_days=  6.0  unrest=  4 (Calm)  pop=7 out×1.00 fam=0 pro=24  ind_mwtx= 1/ 1/ 2/ 1      npc_wholesale buy=5u/80c sell=6u/15c
  port ptolemais_akkaron  wealth= 268 (attract= 125)  grain=  90  wine=   5  m= 20 w= 25  spoil= 2  food_days= 22.5  unrest=  0 (Calm)  pop=4 out×1.00 fam=0 pro=24  ind_mwtx= 1/ 1/ 1/ 1      npc_wholesale buy=1u/1c sell=12u/152c
  port pupput_fields  wealth= 269 (attract= 131)  grain=  93  wine=   5  m= 27 w= 18  spoil= 2  food_days= 23.2  unrest=  0 (Calm)  pop=4 out×1.00 fam=0 pro=24  ind_mwtx= 1/ 1/ 1/ 1      npc_wholesale buy=0u/0c sell=3u/28c
  port pyrgi       wealth= 198 (attract=  81)  grain=  40  wine=   2  m=  0 w=  2  spoil= 1  food_days=  8.0  unrest=  4 (Calm)  pop=5 out×1.00 fam=0 pro=24  ind_mwtx= 2/ 1/ 1/ 1      npc_wholesale buy=4u/16c sell=8u/39c
  port rhegium     wealth= 245 (attract= 102)  grain=  42  wine=   5  m= 33 w= 33  spoil= 1  food_days=  7.0  unrest=  4 (Calm)  pop=6 out×1.00 fam=0 pro=24  ind_mwtx= 1/ 1/ 2/ 0      npc_wholesale buy=0u/0c sell=4u/28c
  port rhode_iberia  wealth= 214 (attract=  88)  grain=  35  wine=   3  m= 17 w= 11  spoil= 1  food_days=  7.0  unrest=  4 (Calm)  pop=5 out×1.00 fam=0 pro=24  ind_mwtx= 1/ 1/ 0/ 0      npc_wholesale buy=0u/0c sell=12u/61c
  port rhodes      wealth= 233 (attract= 126)  grain=  24  wine=   2  m=  1 w=  2  spoil= 1  food_days=  2.4  unrest=  4 (Calm)  pop=10 out×1.00 fam=0 pro=24  ind_mwtx= 3/ 0/ 0/ 0      npc_wholesale buy=0u/0c sell=4u/30c
  port rome        wealth= 215 (attract= 111)  grain=  47  wine=   7  m=  1 w=  0  spoil= 1  food_days=  4.7  unrest=  4 (Calm)  pop=10 out×1.00 fam=0 pro=24  ind_mwtx= 0/ 0/ 0/ 0      npc_wholesale buy=0u/0c sell=27u/105c
  port sabratha    wealth= 216 (attract= 100)  grain=  38  wine=   6  m= 17 w=  0  spoil= 1  food_days=  7.6  unrest=  4 (Calm)  pop=5 out×1.00 fam=0 pro=24  ind_mwtx= 1/ 0/ 2/ 1      npc_wholesale buy=0u/0c sell=4u/10c
  port salamis_cyprus  wealth= 317 (attract= 109)  grain=  44  wine=   6  m= 17 w= 18  spoil= 1  food_days=  6.3  unrest=  4 (Calm)  pop=7 out×1.00 fam=0 pro=24  ind_mwtx= 1/ 1/ 2/ 2      npc_wholesale buy=1u/2c sell=11u/63c
  port sciacca_coast  wealth= 180 (attract= 122)  grain=  60  wine=   8  m= 14 w=  9  spoil= 2  food_days= 12.0  unrest=  0 (Calm)  pop=5 out×1.25 fam=0 pro=10  ind_mwtx= 1/ 1/ 1/ 1      npc_wholesale buy=0u/0c sell=0u/0c
  port selinus     wealth= 237 (attract= 108)  grain=  47  wine=   7  m= 21 w= 23  spoil= 1  food_days=  6.7  unrest=  4 (Calm)  pop=7 out×1.00 fam=0 pro=24  ind_mwtx= 1/ 1/ 0/ 2      npc_wholesale buy=0u/0c sell=5u/17c
  port sexi        wealth= 133 (attract=  96)  grain=  22  wine=   5  m= 10 w=  0  spoil= 1  food_days=  4.4  unrest=  4 (Calm)  pop=5 out×1.00 fam=0 pro=24  ind_mwtx= 1/ 0/ 0/ 1      npc_wholesale buy=8u/8c sell=1u/11c
  port sicyon_bread  wealth= 212 (attract= 130)  grain=  67  wine=   6  m= 24 w= 11  spoil= 2  food_days= 16.8  unrest=  0 (Calm)  pop=4 out×1.00 fam=0 pro=24  ind_mwtx= 1/ 1/ 1/ 1      npc_wholesale buy=0u/0c sell=4u/12c
  port sidon       wealth= 268 (attract= 112)  grain=  24  wine=   7  m= 18 w=  3  spoil= 1  food_days=  3.4  unrest=  4 (Calm)  pop=7 out×1.00 fam=0 pro=24  ind_mwtx= 1/ 0/ 2/ 1      npc_wholesale buy=0u/0c sell=12u/77c
  port sinope      wealth= 186 (attract= 103)  grain=  23  wine=   7  m= 10 w= 13  spoil= 1  food_days=  3.3  unrest=  4 (Calm)  pop=7 out×1.00 fam=0 pro=24  ind_mwtx= 1/ 1/ 1/ 0      npc_wholesale buy=6u/12c sell=3u/30c
  port smyrna      wealth= 259 (attract= 108)  grain=  35  wine=   2  m= 21 w= 22  spoil= 1  food_days=  5.0  unrest=  4 (Calm)  pop=7 out×1.00 fam=0 pro=24  ind_mwtx= 1/ 1/ 2/ 0      npc_wholesale buy=2u/2c sell=8u/76c
  port solus       wealth= 174 (attract=  95)  grain=  14  wine=   5  m= 20 w=  0  spoil= 1  food_days=  2.8  unrest=  4 (Calm)  pop=5 out×1.00 fam=0 pro=24  ind_mwtx= 1/ 0/ 0/ 1      npc_wholesale buy=0u/0c sell=0u/0c
  port sulci       wealth= 295 (attract= 127)  grain=  50  wine=   9  m= 41 w= 25  spoil= 1  food_days=  7.1  unrest=  4 (Calm)  pop=7 out×1.00 fam=0 pro=24  ind_mwtx= 5/ 3/ 2/ 1      npc_wholesale buy=9u/124c sell=5u/74c
  port syracuse    wealth= 324 (attract= 131)  grain=  48  wine=   3  m=  0 w=  1  spoil= 1  food_days=  4.8  unrest=  4 (Calm)  pop=10 out×1.00 fam=0 pro=24  ind_mwtx= 0/ 2/ 0/ 0      npc_wholesale buy=5u/31c sell=1u/10c
  port taras       wealth= 207 (attract= 117)  grain=  13  wine=   0  m=  0 w=  0  spoil= 1  food_days=  1.3  unrest=  4 (Calm)  pop=10 out×1.00 fam=0 pro=15  ind_mwtx= 0/ 0/ 0/ 0      npc_wholesale buy=0u/0c sell=0u/0c
  port thapsus_bread  wealth= 325 (attract= 136)  grain= 113  wine=   6  m= 26 w= 28  spoil= 2  food_days= 28.2  unrest=  0 (Calm)  pop=4 out×1.00 fam=0 pro=24  ind_mwtx= 1/ 1/ 1/ 1      npc_wholesale buy=4u/4c sell=2u/4c
  port tharros     wealth= 219 (attract= 122)  grain=  43  wine=   7  m= 45 w=  6  spoil= 1  food_days=  5.4  unrest=  4 (Calm)  pop=8 out×1.14 fam=0 pro=12  ind_mwtx= 1/ 3/ 0/ 1      npc_wholesale buy=0u/0c sell=0u/0c
  port tiber_mouth_bread  wealth= 380 (attract= 132)  grain=  94  wine=  10  m= 28 w= 11  spoil= 2  food_days= 23.5  unrest=  0 (Calm)  pop=4 out×1.00 fam=0 pro=24  ind_mwtx= 1/ 1/ 1/ 1      npc_wholesale buy=10u/74c sell=10u/242c
  port tingis      wealth= 223 (attract= 100)  grain=  50  wine=   5  m= 48 w= 20  spoil= 1  food_days=  8.3  unrest=  4 (Calm)  pop=6 out×1.00 fam=0 pro=24  ind_mwtx= 1/ 2/ 1/ 1      npc_wholesale buy=0u/0c sell=5u/10c
  port trapezus    wealth= 183 (attract= 100)  grain=  14  wine=   5  m= 16 w= 15  spoil= 1  food_days=  2.0  unrest=  4 (Calm)  pop=7 out×1.00 fam=0 pro=14  ind_mwtx= 1/ 1/ 0/ 0      npc_wholesale buy=0u/0c sell=9u/54c
  port troezen_coast  wealth= 201 (attract= 128)  grain=  66  wine=   7  m= 26 w= 24  spoil= 2  food_days= 16.5  unrest=  0 (Calm)  pop=4 out×1.00 fam=0 pro=24  ind_mwtx= 1/ 1/ 1/ 1      npc_wholesale buy=0u/0c sell=2u/15c
  port tyre        wealth= 274 (attract= 153)  grain=   4  wine=   7  m=  5 w=  0  spoil= 1  food_days=  0.3  unrest=  6 (Calm)  pop=13 out×1.00 fam=0 pro=0  ind_mwtx= 0/ 0/ 0/ 0      npc_wholesale buy=5u/75c sell=13u/140c
  port utica       wealth= 236 (attract= 115)  grain=  35  wine=   7  m= 17 w=  0  spoil= 1  food_days=  5.0  unrest=  4 (Calm)  pop=7 out×1.00 fam=0 pro=24  ind_mwtx= 1/ 0/ 0/ 1      npc_wholesale buy=4u/32c sell=4u/19c
  port velletri_plain  wealth= 356 (attract= 123)  grain= 101  wine=   7  m= 12 w= 21  spoil= 2  food_days= 25.2  unrest=  0 (Calm)  pop=4 out×1.00 fam=0 pro=24  ind_mwtx= 1/ 1/ 1/ 1      npc_wholesale buy=5u/29c sell=21u/233c

-- after advance #1000 (calendar day 1025) --
  player: money=0  fleet=1  cargo_cap=24  ship=97/100  port=akragas  at_sea=False  |  world_treasury=0c  |  npc: agents=2183  ships=2186  at_sea=1992  total_purse=243495
  npc merchant balance_sheet(all)=959284c  investments=715789c  (fleet_book=524640c + cargo_mark=191149c)
  port acre_feed   wealth=2079 (attract=1898)  grain=7185  wine= 101  m=  0 w=  0  spoil=38  food_days=898.1  unrest=  0 (Calm)  pop=8 out×1.00 fam=0 pro=343  ind_mwtx= 0/ 0/ 0/ 0      npc_wholesale buy=11u/11c sell=8u/18c
  port agde_bread  wealth=2308 (attract=2189)  grain=8845  wine=  20  m=  0 w=  0  spoil=38  food_days=1105.6  unrest=  0 (Calm)  pop=8 out×1.00 fam=0 pro=359  ind_mwtx= 0/ 0/ 0/ 0      npc_wholesale buy=0u/0c sell=0u/0c
  port ager_narbonensis  wealth=2258 (attract=2115)  grain=8499  wine=   2  m=  0 w=  0  spoil=38  food_days=1062.4  unrest=  0 (Calm)  pop=8 out×1.00 fam=0 pro=414  ind_mwtx= 0/ 0/ 0/ 0      npc_wholesale buy=0u/0c sell=0u/0c
  port akragas     wealth=7508 (attract=7123)  grain=29643  wine=1688  m=  0 w=  0  spoil=38  food_days=1852.7  unrest=  0 (Calm)  pop=16 out×1.00 fam=0 pro=447  ind_mwtx= 0/ 0/ 0/ 0      npc_wholesale buy=13u/38c sell=8u/91c
  port aleria      wealth= 729 (attract= 324)  grain= 506  wine=   0  m=  0 w=  0  spoil= 9  food_days= 50.6  unrest=  0 (Calm)  pop=10 out×1.25 fam=0 pro=94  ind_mwtx= 0/ 0/ 1/ 0      npc_wholesale buy=0u/0c sell=1u/10c
  port alexandria  wealth=8206 (attract=8000)  grain=45372  wine= 385  m=  0 w=  0  spoil=38  food_days=1745.1  unrest=  0 (Calm)  pop=26 out×1.28 fam=0 pro=339  ind_mwtx= 0/ 0/ 0/ 0      npc_wholesale buy=1u/1c sell=0u/0c
  port antipolis   wealth= 882 (attract= 622)  grain= 288  wine= 750  m=  0 w=  0  spoil= 5  food_days= 28.8  unrest=  0 (Calm)  pop=10 out×1.28 fam=0 pro=27  ind_mwtx= 0/ 0/ 0/ 0      npc_wholesale buy=0u/0c sell=0u/0c
  port antium_coast  wealth=2130 (attract=1953)  grain=7561  wine=  28  m=  0 w=  0  spoil=38  food_days=945.1  unrest=  0 (Calm)  pop=8 out×1.00 fam=0 pro=242  ind_mwtx= 0/ 0/ 1/ 0      npc_wholesale buy=2u/2c sell=0u/0c
  port apollonia_cyrenaica  wealth=1579 (attract=1238)  grain= 525  wine=1758  m=  0 w=  4  spoil=10  food_days= 40.4  unrest=  0 (Calm)  pop=13 out×1.28 fam=0 pro=12  ind_mwtx= 0/ 0/ 0/ 0      npc_wholesale buy=0u/0c sell=6u/46c
  port arados      wealth=1066 (attract= 810)  grain= 415  wine=   0  m=  0 w=  0  spoil= 8  food_days= 29.6  unrest=  0 (Calm)  pop=14 out×1.28 fam=0 pro=37  ind_mwtx= 0/ 0/ 0/ 0      npc_wholesale buy=0u/0c sell=25u/56c
  port arelate_bread  wealth=2911 (attract=2723)  grain=11571  wine=  72  m=  0 w=  0  spoil=38  food_days=1446.4  unrest=  0 (Calm)  pop=8 out×1.00 fam=0 pro=363  ind_mwtx= 1/ 0/ 0/ 0      npc_wholesale buy=0u/0c sell=0u/0c
  port athens_piraeus  wealth=1947 (attract=1688)  grain=1312  wine=2131  m=  0 w=  0  spoil=23  food_days= 87.5  unrest=  0 (Calm)  pop=15 out×1.00 fam=0 pro=28  ind_mwtx= 2/ 1/ 0/ 0      npc_wholesale buy=0u/0c sell=0u/0c
  port baitis_estuary  wealth=2454 (attract=2250)  grain=8400  wine=   0  m=  0 w=  0  spoil=38  food_days=1050.0  unrest=  0 (Calm)  pop=8 out×1.00 fam=0 pro=366  ind_mwtx= 0/ 0/ 0/ 0      npc_wholesale buy=8u/8c sell=8u/16c
  port byblos      wealth= 900 (attract= 730)  grain= 387  wine=   0  m=  0 w=  0  spoil= 7  food_days= 29.8  unrest=  0 (Calm)  pop=13 out×1.28 fam=0 pro=21  ind_mwtx= 0/ 0/ 0/ 0      npc_wholesale buy=0u/0c sell=1u/8c
  port byzantion   wealth= 904 (attract= 558)  grain=  97  wine= 664  m=  0 w=  0  spoil= 2  food_days=  4.4  unrest=  4 (Calm)  pop=22 out×1.28 fam=0 pro=20  ind_mwtx= 1/ 0/ 0/ 2      npc_wholesale buy=19u/19c sell=2u/20c
  port caere       wealth= 462 (attract= 303)  grain= 421  wine=   0  m=  0 w=  0  spoil= 8  food_days= 30.1  unrest=  0 (Calm)  pop=14 out×1.28 fam=0 pro=75  ind_mwtx= 2/ 1/ 0/ 0      npc_wholesale buy=0u/0c sell=3u/6c
  port caralis     wealth= 882 (attract= 731)  grain= 449  wine=   0  m=  0 w=  0  spoil= 8  food_days= 32.1  unrest=  0 (Calm)  pop=14 out×1.28 fam=0 pro=30  ind_mwtx= 0/ 0/ 0/ 0      npc_wholesale buy=2u/4c sell=6u/36c
  port carteia_coast  wealth=2309 (attract=2127)  grain=7420  wine= 110  m=  2 w=  0  spoil=38  food_days=927.5  unrest=  0 (Calm)  pop=8 out×1.00 fam=0 pro=353  ind_mwtx= 1/ 0/ 0/ 0      npc_wholesale buy=0u/0c sell=1u/12c
  port carthage    wealth=1234 (attract=1068)  grain= 816  wine=   0  m=  0 w=  0  spoil=15  food_days= 40.8  unrest=  0 (Calm)  pop=20 out×1.18 fam=0 pro=25  ind_mwtx= 2/ 1/ 0/ 0      npc_wholesale buy=0u/0c sell=2u/4c
  port carthago_nova  wealth= 889 (attract= 736)  grain=  87  wine=   1  m=  6 w=  1  spoil= 2  food_days=  4.8  unrest=  4 (Calm)  pop=18 out×1.28 fam=0 pro=30  ind_mwtx= 6/ 2/ 0/ 0      npc_wholesale buy=2u/10c sell=8u/102c
  port catane      wealth=6700 (attract=6504)  grain=31178  wine=   0  m=  0 w=  0  spoil=38  food_days=1948.6  unrest=  0 (Calm)  pop=16 out×1.07 fam=0 pro=515  ind_mwtx= 0/ 0/ 0/ 0      npc_wholesale buy=0u/0c sell=0u/0c
  port cenchreae_bread  wealth=2198 (attract=2030)  grain=7838  wine=   0  m=  0 w=  0  spoil=38  food_days=979.8  unrest=  0 (Calm)  pop=8 out×1.00 fam=0 pro=298  ind_mwtx= 0/ 0/ 0/ 0      npc_wholesale buy=20u/22c sell=8u/24c
  port chalcedon   wealth=1268 (attract=1083)  grain= 558  wine=1600  m=  0 w=  0  spoil=10  food_days= 55.8  unrest=  0 (Calm)  pop=10 out×1.28 fam=0 pro=38  ind_mwtx= 0/ 0/ 0/ 0      npc_wholesale buy=0u/0c sell=0u/0c
  port chalcis     wealth=1272 (attract=1049)  grain= 469  wine=1420  m=  0 w=  0  spoil= 9  food_days= 33.5  unrest=  0 (Calm)  pop=14 out×1.28 fam=0 pro=28  ind_mwtx= 0/ 0/ 0/ 0      npc_wholesale buy=1u/7c sell=3u/36c
  port chersonesos  wealth=7697 (attract=7494)  grain=32520  wine=1553  m=  0 w=  0  spoil=38  food_days=2032.5  unrest=  0 (Calm)  pop=16 out×1.07 fam=0 pro=403  ind_mwtx= 0/ 0/ 0/ 0      npc_wholesale buy=0u/0c sell=0u/0c
  port corinth     wealth=2461 (attract=2192)  grain=2078  wine=2379  m=  0 w=  0  spoil=36  food_days=148.4  unrest=  0 (Calm)  pop=14 out×1.17 fam=0 pro=23  ind_mwtx= 0/ 0/ 0/ 0      npc_wholesale buy=0u/0c sell=0u/0c
  port croton      wealth= 927 (attract= 765)  grain= 334  wine=1004  m=  0 w=  0  spoil= 6  food_days= 37.1  unrest=  0 (Calm)  pop=9 out×1.12 fam=0 pro=21  ind_mwtx= 0/ 0/ 0/ 1      npc_wholesale buy=0u/0c sell=1u/17c
  port cumae       wealth=1068 (attract= 890)  grain= 421  wine=1242  m=  0 w=  0  spoil= 8  food_days= 32.4  unrest=  0 (Calm)  pop=13 out×1.28 fam=0 pro=19  ind_mwtx= 0/ 0/ 0/ 0      npc_wholesale buy=0u/0c sell=0u/0c
  port cyrene      wealth=7673 (attract=7489)  grain=32057  wine=1823  m=  0 w=  0  spoil=38  food_days=2003.6  unrest=  0 (Calm)  pop=16 out×1.00 fam=0 pro=336  ind_mwtx= 0/ 0/ 0/ 0      npc_wholesale buy=0u/0c sell=0u/0c
  port dor_coast_bread  wealth=2210 (attract=2096)  grain=7480  wine=   0  m=  0 w=  0  spoil=38  food_days=935.0  unrest=  0 (Calm)  pop=8 out×1.00 fam=0 pro=264  ind_mwtx= 0/ 0/ 0/ 0      npc_wholesale buy=7u/7c sell=3u/24c
  port emporion    wealth=1119 (attract= 947)  grain= 370  wine=1250  m=  0 w=  0  spoil= 7  food_days= 30.8  unrest=  0 (Calm)  pop=12 out×1.28 fam=0 pro=18  ind_mwtx= 0/ 0/ 0/ 0      npc_wholesale buy=1u/3c sell=1u/5c
  port ephesus     wealth=3827 (attract=3402)  grain=3689  wine=3918  m=  1 w=  0  spoil=38  food_days=204.9  unrest=  0 (Calm)  pop=18 out×1.28 fam=0 pro=23  ind_mwtx= 0/ 0/ 0/ 0      npc_wholesale buy=16u/16c sell=4u/35c
  port eretria     wealth= 691 (attract= 575)  grain= 205  wine= 603  m=  0 w=  0  spoil= 4  food_days= 20.5  unrest=  0 (Calm)  pop=10 out×1.25 fam=0 pro=22  ind_mwtx= 0/ 0/ 0/ 0      npc_wholesale buy=0u/0c sell=4u/12c
  port gades       wealth=1451 (attract=1229)  grain= 996  wine=   0  m=  0 w=  0  spoil=18  food_days= 66.4  unrest=  0 (Calm)  pop=15 out×1.07 fam=0 pro=20  ind_mwtx= 5/ 2/ 0/ 0      npc_wholesale buy=0u/0c sell=1u/9c
  port gela        wealth=6653 (attract=6542)  grain=31783  wine=   0  m=  0 w=  0  spoil=38  food_days=1986.4  unrest=  0 (Calm)  pop=16 out×1.00 fam=0 pro=401  ind_mwtx= 0/ 0/ 0/ 0      npc_wholesale buy=0u/0c sell=0u/0c
  port gythion     wealth=1052 (attract= 870)  grain= 399  wine=1185  m=  0 w=  0  spoil= 7  food_days= 44.3  unrest=  0 (Calm)  pop=9 out×1.12 fam=0 pro=33  ind_mwtx= 0/ 0/ 0/ 0      npc_wholesale buy=0u/0c sell=0u/0c
  port halicarnassus  wealth= 639 (attract= 481)  grain= 309  wine= 431  m=  0 w=  0  spoil= 6  food_days= 30.9  unrest=  0 (Calm)  pop=10 out×1.25 fam=0 pro=16  ind_mwtx= 0/ 0/ 1/ 0      npc_wholesale buy=1u/1c sell=3u/14c
  port hippo       wealth=7046 (attract=6927)  grain=33130  wine=   0  m=161 w=  0  spoil=38  food_days=2366.4  unrest=  0 (Calm)  pop=14 out×1.00 fam=0 pro=423  ind_mwtx= 1/ 1/ 0/ 0      npc_wholesale buy=0u/0c sell=0u/0c
  port kition      wealth= 972 (attract= 831)  grain= 391  wine=   0  m= 49 w=  0  spoil= 7  food_days= 27.9  unrest=  0 (Calm)  pop=14 out×1.28 fam=0 pro=33  ind_mwtx= 5/ 2/ 0/ 0      npc_wholesale buy=2u/5c sell=2u/18c
  port knossos     wealth=1252 (attract=1072)  grain= 605  wine=1519  m=  0 w=  0  spoil=11  food_days= 50.4  unrest=  0 (Calm)  pop=12 out×1.28 fam=0 pro=22  ind_mwtx= 0/ 0/ 0/ 0      npc_wholesale buy=0u/0c sell=0u/0c
  port kourion_coast  wealth=2236 (attract=2067)  grain=7444  wine=  14  m=  0 w=  0  spoil=38  food_days=930.5  unrest=  0 (Calm)  pop=8 out×1.00 fam=0 pro=274  ind_mwtx= 0/ 0/ 0/ 0      npc_wholesale buy=0u/0c sell=0u/0c
  port kydonia     wealth=1002 (attract= 846)  grain= 454  wine=1195  m=  0 w=  0  spoil= 8  food_days= 45.4  unrest=  0 (Calm)  pop=10 out×1.28 fam=0 pro=24  ind_mwtx= 0/ 0/ 0/ 0      npc_wholesale buy=0u/0c sell=7u/14c
  port larnaca_fields  wealth=2305 (attract=2132)  grain=7853  wine=   0  m=  2 w=  0  spoil=38  food_days=981.6  unrest=  0 (Calm)  pop=8 out×1.00 fam=0 pro=339  ind_mwtx= 1/ 0/ 0/ 0      npc_wholesale buy=0u/0c sell=0u/0c
  port lepcis_minor_bread  wealth=2207 (attract=2070)  grain=7240  wine= 133  m=  0 w=  0  spoil=38  food_days=905.0  unrest=  0 (Calm)  pop=8 out×1.00 fam=0 pro=299  ind_mwtx= 0/ 0/ 0/ 0      npc_wholesale buy=0u/0c sell=0u/0c
  port leptis_magna  wealth= 820 (attract= 701)  grain= 353  wine=   0  m=  0 w=  0  spoil= 7  food_days= 25.2  unrest=  0 (Calm)  pop=14 out×1.28 fam=0 pro=51  ind_mwtx= 0/ 0/ 0/ 0      npc_wholesale buy=0u/0c sell=0u/0c
  port licata_bread  wealth=2477 (attract=2287)  grain=8851  wine= 253  m=  0 w=  0  spoil=38  food_days=1106.4  unrest=  0 (Calm)  pop=8 out×1.00 fam=0 pro=364  ind_mwtx= 0/ 0/ 0/ 0      npc_wholesale buy=0u/0c sell=0u/0c
  port locri       wealth=1440 (attract=1241)  grain= 412  wine=1831  m=  0 w=  0  spoil= 8  food_days= 34.3  unrest=  0 (Calm)  pop=12 out×1.28 fam=0 pro=11  ind_mwtx= 0/ 0/ 0/ 0      npc_wholesale buy=0u/0c sell=6u/12c
  port malaka      wealth= 907 (attract= 765)  grain= 335  wine=   1  m=  0 w=  0  spoil= 6  food_days= 25.8  unrest=  0 (Calm)  pop=13 out×1.28 fam=0 pro=22  ind_mwtx= 0/ 0/ 0/ 0      npc_wholesale buy=0u/0c sell=6u/18c
  port maroni_plain  wealth=2195 (attract=1980)  grain=7682  wine=  21  m=  0 w=  0  spoil=38  food_days=960.2  unrest=  0 (Calm)  pop=8 out×1.00 fam=0 pro=307  ind_mwtx= 0/ 0/ 0/ 0      npc_wholesale buy=1u/1c sell=1u/13c
  port massalia    wealth=2311 (attract=2047)  grain=1762  wine=2233  m=  0 w=  0  spoil=31  food_days=146.8  unrest=  0 (Calm)  pop=12 out×1.00 fam=0 pro=25  ind_mwtx= 0/ 0/ 0/ 0      npc_wholesale buy=0u/0c sell=10u/30c
  port mazara_bread  wealth=2404 (attract=2213)  grain=8747  wine= 129  m=  0 w=  0  spoil=38  food_days=1093.4  unrest=  0 (Calm)  pop=8 out×1.00 fam=0 pro=313  ind_mwtx= 0/ 0/ 0/ 0      npc_wholesale buy=7u/7c sell=3u/18c
  port megara      wealth= 990 (attract= 771)  grain= 470  wine=1075  m=  0 w=  0  spoil= 9  food_days= 52.2  unrest=  0 (Calm)  pop=9 out×1.28 fam=0 pro=18  ind_mwtx= 0/ 0/ 0/ 0      npc_wholesale buy=0u/0c sell=8u/32c
  port memphis     wealth=8070 (attract=8000)  grain=80430  wine=   0  m=  0 w=  0  spoil=38  food_days=5026.9  unrest=  0 (Calm)  pop=16 out×1.00 fam=0 pro=720  ind_mwtx= 0/ 0/ 0/ 0      npc_wholesale buy=2u/2c sell=3u/15c
  port messana     wealth=6541 (attract=6440)  grain=32095  wine=   0  m=  2 w=  0  spoil=38  food_days=1604.8  unrest=  0 (Calm)  pop=20 out×1.18 fam=0 pro=295  ind_mwtx= 2/ 1/ 0/ 0      npc_wholesale buy=0u/0c sell=0u/0c
  port miletus     wealth=1291 (attract=1131)  grain= 824  wine= 967  m=  0 w=  0  spoil=15  food_days= 82.4  unrest=  0 (Calm)  pop=10 out×0.91 fam=0 pro=35  ind_mwtx= 0/ 0/ 0/ 0      npc_wholesale buy=1u/8c sell=0u/0c
  port motya       wealth= 780 (attract= 674)  grain= 353  wine=   0  m=  0 w=  0  spoil= 7  food_days= 27.2  unrest=  0 (Calm)  pop=13 out×1.28 fam=0 pro=16  ind_mwtx= 0/ 0/ 0/ 0      npc_wholesale buy=0u/0c sell=1u/4c
  port naucratis   wealth=8117 (attract=8000)  grain=81959  wine= 641  m=  0 w=  0  spoil=38  food_days=5122.4  unrest=  0 (Calm)  pop=16 out×1.00 fam=0 pro=673  ind_mwtx= 0/ 0/ 0/ 0      npc_wholesale buy=0u/0c sell=0u/0c
  port naxos_sicily  wealth= 698 (attract= 515)  grain= 277  wine= 561  m=  0 w=  0  spoil= 5  food_days= 30.8  unrest=  0 (Calm)  pop=9 out×1.28 fam=0 pro=26  ind_mwtx= 0/ 0/ 0/ 0      npc_wholesale buy=0u/0c sell=0u/0c
  port neapolis    wealth=3697 (attract=3407)  grain=3398  wine=4054  m=  4 w=  0  spoil=38  food_days=212.4  unrest=  0 (Calm)  pop=16 out×1.28 fam=0 pro=25  ind_mwtx= 2/ 1/ 1/ 0      npc_wholesale buy=15u/15c sell=17u/47c
  port nikaia      wealth=1472 (attract=1262)  grain= 585  wine=1961  m=  0 w=  0  spoil=11  food_days= 65.0  unrest=  0 (Calm)  pop=9 out×1.28 fam=0 pro=21  ind_mwtx= 0/ 0/ 2/ 0      npc_wholesale buy=0u/0c sell=2u/4c
  port oea         wealth= 919 (attract= 799)  grain= 656  wine=   1  m=  0 w=  0  spoil=12  food_days= 65.6  unrest=  0 (Calm)  pop=10 out×1.28 fam=0 pro=46  ind_mwtx= 0/ 0/ 0/ 0      npc_wholesale buy=0u/0c sell=0u/0c
  port olbia_pontic  wealth=8137 (attract=8000)  grain=34357  wine=2035  m=  0 w=  0  spoil=38  food_days=2147.3  unrest=  0 (Calm)  pop=16 out×1.07 fam=0 pro=334  ind_mwtx= 1/ 0/ 0/ 0      npc_wholesale buy=6u/6c sell=8u/16c
  port olbia_sardinia  wealth= 778 (attract= 663)  grain= 299  wine=   0  m=  0 w=  0  spoil= 6  food_days= 23.0  unrest=  0 (Calm)  pop=13 out×1.28 fam=0 pro=25  ind_mwtx= 0/ 0/ 0/ 0      npc_wholesale buy=0u/0c sell=2u/4c
  port onoba_bread  wealth=2435 (attract=2188)  grain=7443  wine=   0  m=  0 w=  0  spoil=38  food_days=930.4  unrest=  0 (Calm)  pop=8 out×1.00 fam=0 pro=318  ind_mwtx= 0/ 0/ 0/ 0      npc_wholesale buy=0u/0c sell=0u/0c
  port ostia       wealth= 404 (attract= 265)  grain= 199  wine=   5  m=  0 w=  0  spoil= 4  food_days= 11.1  unrest=  0 (Calm)  pop=18 out×1.28 fam=0 pro=24  ind_mwtx= 2/ 1/ 0/ 0      npc_wholesale buy=0u/0c sell=9u/34c
  port panormus    wealth=7748 (attract=7597)  grain=33572  wine=   1  m=  0 w=  0  spoil=38  food_days=1865.1  unrest=  0 (Calm)  pop=18 out×1.12 fam=0 pro=309  ind_mwtx= 0/ 0/ 0/ 0      npc_wholesale buy=0u/0c sell=0u/0c
  port pantikapaion  wealth=3555 (attract=3320)  grain=3833  wine=3797  m=  0 w=  0  spoil=38  food_days=212.9  unrest=  0 (Calm)  pop=18 out×1.28 fam=0 pro=18  ind_mwtx= 0/ 0/ 0/ 0      npc_wholesale buy=4u/4c sell=8u/16c
  port paphos      wealth=1080 (attract= 873)  grain= 435  wine=1110  m=  0 w=  0  spoil= 8  food_days= 33.5  unrest=  0 (Calm)  pop=13 out×1.28 fam=0 pro=24  ind_mwtx= 0/ 0/ 0/ 0      npc_wholesale buy=0u/0c sell=0u/0c
  port populonia   wealth= 426 (attract= 311)  grain= 291  wine=   0  m=  0 w=  0  spoil= 6  food_days= 20.8  unrest=  0 (Calm)  pop=14 out×1.28 fam=0 pro=22  ind_mwtx= 6/ 2/ 0/ 0      npc_wholesale buy=0u/0c sell=8u/16c
  port poseidonia  wealth=1121 (attract= 916)  grain= 424  wine=1234  m=  0 w=  0  spoil= 8  food_days= 35.3  unrest=  0 (Calm)  pop=12 out×1.28 fam=0 pro=22  ind_mwtx= 0/ 0/ 0/ 0      npc_wholesale buy=0u/0c sell=0u/0c
  port ptolemais_akkaron  wealth=2108 (attract=1911)  grain=7467  wine=  34  m=  0 w=  0  spoil=38  food_days=933.4  unrest=  0 (Calm)  pop=8 out×1.00 fam=0 pro=323  ind_mwtx= 0/ 0/ 0/ 0      npc_wholesale buy=2u/2c sell=7u/14c
  port pupput_fields  wealth=2513 (attract=2329)  grain=8889  wine=   0  m=  0 w=  0  spoil=38  food_days=1111.1  unrest=  0 (Calm)  pop=8 out×1.00 fam=0 pro=314  ind_mwtx= 0/ 0/ 0/ 0      npc_wholesale buy=0u/0c sell=0u/0c
  port pyrgi       wealth= 533 (attract= 386)  grain= 708  wine= 132  m=  0 w=  0  spoil=13  food_days= 70.8  unrest=  0 (Calm)  pop=10 out×1.28 fam=0 pro=15  ind_mwtx= 2/ 1/ 0/ 0      npc_wholesale buy=0u/0c sell=0u/0c
  port rhegium     wealth=1613 (attract=1319)  grain= 627  wine=1892  m= 83 w= 14  spoil=11  food_days= 52.2  unrest=  0 (Calm)  pop=12 out×1.28 fam=0 pro=17  ind_mwtx= 1/ 1/ 0/ 0      npc_wholesale buy=1u/4c sell=11u/96c
  port rhode_iberia  wealth=1543 (attract=1390)  grain= 668  wine=2174  m=  0 w=  0  spoil=12  food_days= 66.8  unrest=  0 (Calm)  pop=10 out×1.28 fam=0 pro=20  ind_mwtx= 0/ 0/ 0/ 0      npc_wholesale buy=0u/0c sell=0u/0c
  port rhodes      wealth=2867 (attract=2659)  grain=2751  wine=2826  m=  0 w=  0  spoil=38  food_days=183.4  unrest=  0 (Calm)  pop=15 out×1.25 fam=0 pro=25  ind_mwtx= 0/ 0/ 0/ 0      npc_wholesale buy=0u/0c sell=0u/0c
  port rome        wealth=1431 (attract=1173)  grain=3630  wine= 708  m=  0 w=  0  spoil=38  food_days=226.9  unrest=  0 (Calm)  pop=16 out×1.14 fam=0 pro=20  ind_mwtx= 0/ 0/ 0/ 0      npc_wholesale buy=16u/16c sell=1u/17c
  port sabratha    wealth= 916 (attract= 816)  grain= 635  wine=   0  m=  0 w=  0  spoil=11  food_days= 63.5  unrest=  0 (Calm)  pop=10 out×1.28 fam=0 pro=32  ind_mwtx= 0/ 0/ 0/ 0      npc_wholesale buy=0u/0c sell=2u/24c
  port salamis_cyprus  wealth=1182 (attract= 984)  grain= 451  wine=1336  m=  0 w=  0  spoil= 8  food_days= 37.6  unrest=  0 (Calm)  pop=12 out×1.28 fam=0 pro=13  ind_mwtx= 0/ 0/ 0/ 0      npc_wholesale buy=0u/0c sell=6u/12c
  port sciacca_coast  wealth=2317 (attract=2095)  grain=7543  wine=   0  m=  0 w=  0  spoil=38  food_days=942.9  unrest=  0 (Calm)  pop=8 out×1.00 fam=0 pro=332  ind_mwtx= 0/ 0/ 0/ 0      npc_wholesale buy=0u/0c sell=0u/0c
  port selinus     wealth= 694 (attract= 506)  grain= 384  wine= 489  m=  0 w=  0  spoil= 7  food_days= 34.9  unrest=  0 (Calm)  pop=11 out×1.22 fam=0 pro=22  ind_mwtx= 0/ 0/ 0/ 0      npc_wholesale buy=0u/0c sell=0u/0c
  port sexi        wealth= 929 (attract= 792)  grain= 486  wine=   1  m=  0 w=  0  spoil= 9  food_days= 48.6  unrest=  0 (Calm)  pop=10 out×1.28 fam=0 pro=20  ind_mwtx= 0/ 0/ 0/ 0      npc_wholesale buy=0u/0c sell=1u/2c
  port sicyon_bread  wealth=2168 (attract=1979)  grain=7336  wine= 148  m=  0 w=  0  spoil=38  food_days=917.0  unrest=  0 (Calm)  pop=8 out×1.00 fam=0 pro=304  ind_mwtx= 0/ 0/ 0/ 0      npc_wholesale buy=0u/0c sell=0u/0c
  port sidon       wealth= 910 (attract= 735)  grain= 456  wine=   0  m=  0 w=  0  spoil= 8  food_days= 35.1  unrest=  0 (Calm)  pop=13 out×1.28 fam=0 pro=26  ind_mwtx= 0/ 0/ 0/ 1      npc_wholesale buy=0u/0c sell=4u/8c
  port sinope      wealth=1349 (attract=1123)  grain= 514  wine=1607  m=  0 w=  0  spoil= 9  food_days= 39.5  unrest=  0 (Calm)  pop=13 out×1.28 fam=0 pro=23  ind_mwtx= 0/ 0/ 0/ 0      npc_wholesale buy=0u/0c sell=1u/22c
  port smyrna      wealth= 791 (attract= 608)  grain= 287  wine= 749  m=  0 w=  0  spoil= 5  food_days= 26.1  unrest=  0 (Calm)  pop=11 out×1.28 fam=0 pro=21  ind_mwtx= 0/ 0/ 0/ 1      npc_wholesale buy=0u/0c sell=0u/0c
  port solus       wealth= 808 (attract= 683)  grain= 285  wine=   0  m=  0 w=  0  spoil= 5  food_days= 31.7  unrest=  0 (Calm)  pop=9 out×1.28 fam=0 pro=25  ind_mwtx= 0/ 0/ 0/ 0      npc_wholesale buy=0u/0c sell=4u/8c
  port sulci       wealth= 903 (attract= 791)  grain= 365  wine=   0  m= 66 w=  0  spoil= 7  food_days= 26.1  unrest=  0 (Calm)  pop=14 out×1.28 fam=0 pro=18  ind_mwtx= 5/ 2/ 0/ 0      npc_wholesale buy=0u/0c sell=8u/16c
  port syracuse    wealth=2283 (attract=2037)  grain=1669  wine=2287  m=  0 w=  0  spoil=29  food_days=139.1  unrest=  0 (Calm)  pop=12 out×1.00 fam=0 pro=18  ind_mwtx= 3/ 0/ 0/ 0      npc_wholesale buy=0u/0c sell=0u/0c
  port taras       wealth=2892 (attract=2553)  grain=2629  wine=2822  m=  0 w=  0  spoil=38  food_days=175.3  unrest=  0 (Calm)  pop=15 out×1.15 fam=0 pro=17  ind_mwtx= 0/ 0/ 0/ 0      npc_wholesale buy=0u/0c sell=5u/10c
  port thapsus_bread  wealth=2572 (attract=2423)  grain=8765  wine= 232  m=  0 w=  0  spoil=38  food_days=1095.6  unrest=  0 (Calm)  pop=8 out×1.00 fam=0 pro=325  ind_mwtx= 0/ 0/ 0/ 0      npc_wholesale buy=6u/6c sell=8u/16c
  port tharros     wealth= 920 (attract= 827)  grain= 377  wine=   1  m=115 w=  0  spoil= 7  food_days= 26.9  unrest=  0 (Calm)  pop=14 out×1.28 fam=0 pro=33  ind_mwtx= 1/ 1/ 0/ 0      npc_wholesale buy=0u/0c sell=0u/0c
  port tiber_mouth_bread  wealth=1961 (attract=1815)  grain=7622  wine=   0  m=  0 w=  0  spoil=38  food_days=952.8  unrest=  0 (Calm)  pop=8 out×1.00 fam=0 pro=356  ind_mwtx= 0/ 0/ 0/ 0      npc_wholesale buy=0u/0c sell=0u/0c
  port tingis      wealth= 481 (attract= 309)  grain= 389  wine=   0  m=111 w=  0  spoil= 7  food_days= 32.4  unrest=  0 (Calm)  pop=12 out×1.28 fam=0 pro=59  ind_mwtx= 1/ 1/ 0/ 0      npc_wholesale buy=4u/12c sell=11u/37c
  port trapezus    wealth=1124 (attract= 957)  grain= 405  wine=1365  m=  0 w=  0  spoil= 8  food_days= 36.8  unrest=  0 (Calm)  pop=11 out×1.22 fam=0 pro=31  ind_mwtx= 0/ 0/ 0/ 0      npc_wholesale buy=0u/0c sell=6u/40c
  port troezen_coast  wealth=2315 (attract=2139)  grain=7485  wine= 110  m=  0 w=  0  spoil=38  food_days=935.6  unrest=  0 (Calm)  pop=8 out×1.00 fam=0 pro=257  ind_mwtx= 0/ 0/ 0/ 0      npc_wholesale buy=0u/0c sell=0u/0c
  port tyre        wealth=1430 (attract=1263)  grain=1541  wine=   0  m=  0 w=  0  spoil=27  food_days= 96.3  unrest=  0 (Calm)  pop=16 out×1.14 fam=0 pro=18  ind_mwtx= 0/ 0/ 0/ 0      npc_wholesale buy=0u/0c sell=2u/6c
  port utica       wealth= 836 (attract= 697)  grain= 389  wine=   0  m=  0 w=  0  spoil= 7  food_days= 27.8  unrest=  0 (Calm)  pop=14 out×1.28 fam=0 pro=48  ind_mwtx= 0/ 0/ 0/ 0      npc_wholesale buy=0u/0c sell=0u/0c
  port velletri_plain  wealth=2074 (attract=1839)  grain=7534  wine=  59  m=  0 w=  0  spoil=38  food_days=941.8  unrest=  0 (Calm)  pop=8 out×1.00 fam=0 pro=281  ind_mwtx= 0/ 0/ 0/ 0      npc_wholesale buy=0u/0c sell=0u/0c

-- after advance #2000 (calendar day 2025) --
  player: money=0  fleet=1  cargo_cap=24  ship=92/100  port=akragas  at_sea=False  |  world_treasury=0c  |  npc: agents=2184  ships=2184  at_sea=1978  total_purse=299417
  npc merchant balance_sheet(all)=996396c  investments=696979c  (fleet_book=524160c + cargo_mark=172819c)
  port acre_feed   wealth=2526 (attract=2732)  grain=7484  wine= 906  m=  0 w=  0  spoil=38  food_days=935.5  unrest=  0 (Calm)  pop=8 out×1.00 fam=0 pro=714  ind_mwtx= 0/ 0/ 0/ 0      npc_wholesale buy=0u/0c sell=0u/0c
  port agde_bread  wealth=2726 (attract=2963)  grain=8465  wine= 852  m=  0 w=  0  spoil=38  food_days=1058.1  unrest=  0 (Calm)  pop=8 out×1.00 fam=0 pro=744  ind_mwtx= 0/ 0/ 0/ 0      npc_wholesale buy=0u/0c sell=2u/14c
  port ager_narbonensis  wealth=2825 (attract=2977)  grain=8399  wine= 839  m=  0 w=  0  spoil=38  food_days=1049.9  unrest=  0 (Calm)  pop=8 out×1.00 fam=0 pro=869  ind_mwtx= 0/ 0/ 0/ 0      npc_wholesale buy=0u/0c sell=3u/24c
  port akragas     wealth=7627 (attract=7884)  grain=29780  wine=1974  m=  0 w=  0  spoil=38  food_days=1861.2  unrest=  0 (Calm)  pop=16 out×1.00 fam=0 pro=957  ind_mwtx= 0/ 0/ 0/ 0      npc_wholesale buy=0u/0c sell=3u/17c
  port aleria      wealth= 802 (attract= 495)  grain=1305  wine=  99  m=  0 w=  0  spoil=23  food_days=130.5  unrest=  0 (Calm)  pop=10 out×1.00 fam=0 pro=22  ind_mwtx= 0/ 0/ 0/ 0      npc_wholesale buy=4u/4c sell=11u/42c
  port alexandria  wealth=8140 (attract=8000)  grain=57353  wine=1009  m=  0 w=  0  spoil=38  food_days=2205.9  unrest=  0 (Calm)  pop=26 out×1.00 fam=0 pro=999  ind_mwtx= 0/ 0/ 0/ 0      npc_wholesale buy=0u/0c sell=2u/12c
  port antipolis   wealth=1023 (attract= 913)  grain=1217  wine= 963  m=  0 w=  0  spoil=22  food_days=152.1  unrest=  0 (Calm)  pop=8 out×0.80 fam=0 pro=31  ind_mwtx= 0/ 0/ 0/ 0      npc_wholesale buy=0u/0c sell=0u/0c
  port antium_coast  wealth=2527 (attract=2736)  grain=7541  wine= 867  m=  0 w=  0  spoil=38  food_days=942.6  unrest=  0 (Calm)  pop=8 out×1.00 fam=0 pro=664  ind_mwtx= 0/ 0/ 1/ 0      npc_wholesale buy=0u/0c sell=0u/0c
  port apollonia_cyrenaica  wealth=1390 (attract=1222)  grain=1299  wine=1261  m=  0 w=  0  spoil=23  food_days=144.3  unrest=  0 (Calm)  pop=9 out×0.82 fam=0 pro=20  ind_mwtx= 1/ 1/ 0/ 0      npc_wholesale buy=10u/10c sell=11u/30c
  port arados      wealth=1802 (attract=1664)  grain=1372  wine=  45  m=  0 w=  0  spoil=24  food_days=137.2  unrest=  0 (Calm)  pop=10 out×0.91 fam=0 pro=19  ind_mwtx= 0/ 0/ 0/ 0      npc_wholesale buy=2u/2c sell=4u/117c
  port arelate_bread  wealth=2970 (attract=3199)  grain=9749  wine= 877  m=  0 w=  0  spoil=38  food_days=1218.6  unrest=  0 (Calm)  pop=8 out×1.00 fam=0 pro=715  ind_mwtx= 0/ 0/ 0/ 0      npc_wholesale buy=0u/0c sell=0u/0c
  port athens_piraeus  wealth=2123 (attract=2210)  grain=2974  wine=1938  m=  0 w=  0  spoil=38  food_days=212.4  unrest=  0 (Calm)  pop=14 out×0.82 fam=0 pro=7  ind_mwtx= 1/ 0/ 0/ 0      npc_wholesale buy=0u/0c sell=8u/16c
  port baitis_estuary  wealth=2994 (attract=3169)  grain=8404  wine= 819  m=  0 w=  0  spoil=38  food_days=1050.5  unrest=  0 (Calm)  pop=8 out×1.00 fam=0 pro=811  ind_mwtx= 0/ 0/ 0/ 0      npc_wholesale buy=2u/2c sell=7u/21c
  port byblos      wealth=1453 (attract=1380)  grain=1250  wine=   9  m=  0 w=  0  spoil=22  food_days=138.9  unrest=  0 (Calm)  pop=9 out×0.82 fam=0 pro=31  ind_mwtx= 0/ 0/ 0/ 0      npc_wholesale buy=0u/0c sell=7u/22c
  port byzantion   wealth=1063 (attract=1010)  grain=1391  wine=1038  m=  0 w=  0  spoil=25  food_days= 92.7  unrest=  0 (Calm)  pop=15 out×1.07 fam=0 pro=21  ind_mwtx= 0/ 0/ 0/ 0      npc_wholesale buy=0u/0c sell=0u/0c
  port caere       wealth= 592 (attract= 526)  grain=1311  wine=  46  m=  0 w=  0  spoil=23  food_days=109.2  unrest=  0 (Calm)  pop=12 out×1.00 fam=0 pro=18  ind_mwtx= 2/ 1/ 0/ 1      npc_wholesale buy=2u/2c sell=2u/20c
  port caralis     wealth=1613 (attract=1501)  grain=1516  wine=  44  m=  0 w=  0  spoil=27  food_days=137.8  unrest=  0 (Calm)  pop=11 out×1.00 fam=0 pro=25  ind_mwtx= 0/ 0/ 0/ 0      npc_wholesale buy=3u/3c sell=13u/31c
  port carteia_coast  wealth=2850 (attract=3051)  grain=7496  wine= 869  m=  0 w=  0  spoil=38  food_days=937.0  unrest=  0 (Calm)  pop=8 out×1.00 fam=0 pro=752  ind_mwtx= 0/ 0/ 1/ 0      npc_wholesale buy=9u/9c sell=4u/18c
  port carthage    wealth=2554 (attract=2384)  grain=2736  wine= 138  m=  0 w=  0  spoil=38  food_days=152.0  unrest=  0 (Calm)  pop=18 out×0.90 fam=0 pro=25  ind_mwtx= 1/ 0/ 0/ 0      npc_wholesale buy=3u/3c sell=12u/27c
  port carthago_nova  wealth=1663 (attract=1545)  grain=1297  wine=   8  m=  0 w=  0  spoil=23  food_days= 99.8  unrest=  0 (Calm)  pop=13 out×0.93 fam=0 pro=26  ind_mwtx= 4/ 1/ 0/ 0      npc_wholesale buy=0u/0c sell=1u/8c
  port catane      wealth=7060 (attract=7310)  grain=31920  wine= 160  m=  0 w=  0  spoil=38  food_days=1995.0  unrest=  0 (Calm)  pop=16 out×1.00 fam=0 pro=958  ind_mwtx= 0/ 0/ 0/ 0      npc_wholesale buy=0u/0c sell=0u/0c
  port cenchreae_bread  wealth=2733 (attract=2989)  grain=8366  wine= 836  m=  0 w=  0  spoil=38  food_days=1045.8  unrest=  0 (Calm)  pop=8 out×1.00 fam=0 pro=742  ind_mwtx= 0/ 0/ 0/ 0      npc_wholesale buy=2u/2c sell=3u/11c
  port chalcedon   wealth=1233 (attract=1253)  grain=1484  wine=1495  m=  0 w=  0  spoil=26  food_days=185.5  unrest=  0 (Calm)  pop=8 out×0.89 fam=0 pro=0  ind_mwtx= 0/ 0/ 0/ 0      npc_wholesale buy=8u/8c sell=8u/24c
  port chalcis     wealth=1075 (attract=1044)  grain=1292  wine= 957  m=  0 w=  0  spoil=23  food_days=117.5  unrest=  0 (Calm)  pop=11 out×1.00 fam=0 pro=13  ind_mwtx= 0/ 0/ 0/ 0      npc_wholesale buy=0u/0c sell=0u/0c
  port chersonesos  wealth=8092 (attract=8000)  grain=36289  wine=1884  m=  0 w=  0  spoil=38  food_days=2268.1  unrest=  0 (Calm)  pop=16 out×1.00 fam=0 pro=967  ind_mwtx= 0/ 0/ 0/ 0      npc_wholesale buy=4u/4c sell=8u/16c
  port corinth     wealth=2681 (attract=2788)  grain=3191  wine=1956  m=  0 w=  0  spoil=38  food_days=265.9  unrest=  0 (Calm)  pop=12 out×0.86 fam=0 pro=0  ind_mwtx= 0/ 3/ 0/ 0      npc_wholesale buy=2u/2c sell=0u/0c
  port croton      wealth=1067 (attract=1117)  grain=1387  wine=1239  m=  0 w=  0  spoil=24  food_days=198.1  unrest=  0 (Calm)  pop=7 out×0.88 fam=0 pro=0  ind_mwtx= 0/ 0/ 0/ 0      npc_wholesale buy=5u/5c sell=6u/12c
  port cumae       wealth= 874 (attract= 861)  grain=1278  wine= 845  m=  0 w=  0  spoil=23  food_days=182.6  unrest=  0 (Calm)  pop=7 out×0.72 fam=0 pro=13  ind_mwtx= 0/ 0/ 0/ 0      npc_wholesale buy=0u/0c sell=4u/8c
  port cyrene      wealth=7866 (attract=8000)  grain=34465  wine=2017  m=  0 w=  0  spoil=38  food_days=2154.1  unrest=  0 (Calm)  pop=16 out×1.00 fam=0 pro=959  ind_mwtx= 0/ 0/ 0/ 0      npc_wholesale buy=0u/0c sell=0u/0c
  port dor_coast_bread  wealth=2805 (attract=2963)  grain=7526  wine= 782  m=  0 w=  0  spoil=38  food_days=940.8  unrest=  0 (Calm)  pop=8 out×1.00 fam=0 pro=668  ind_mwtx= 0/ 0/ 0/ 0      npc_wholesale buy=3u/3c sell=8u/16c
  port emporion    wealth= 971 (attract= 949)  grain=1236  wine= 895  m=  0 w=  0  spoil=22  food_days=206.0  unrest=  0 (Calm)  pop=6 out×0.72 fam=0 pro=21  ind_mwtx= 0/ 0/ 0/ 0      npc_wholesale buy=5u/5c sell=0u/0c
  port ephesus     wealth=3271 (attract=3267)  grain=3239  wine=2267  m=  0 w=  0  spoil=38  food_days=231.4  unrest=  0 (Calm)  pop=14 out×0.88 fam=0 pro=6  ind_mwtx= 0/ 0/ 0/ 0      npc_wholesale buy=7u/7c sell=15u/37c
  port eretria     wealth=1401 (attract=1345)  grain=1710  wine=1517  m=  0 w=  0  spoil=30  food_days=213.8  unrest=  0 (Calm)  pop=8 out×1.00 fam=0 pro=8  ind_mwtx= 0/ 0/ 0/ 0      npc_wholesale buy=0u/0c sell=5u/10c
  port gades       wealth=2774 (attract=2747)  grain=2844  wine= 481  m=  0 w=  0  spoil=38  food_days=218.8  unrest=  0 (Calm)  pop=13 out×0.87 fam=0 pro=10  ind_mwtx= 4/ 1/ 0/ 0      npc_wholesale buy=0u/0c sell=0u/0c
  port gela        wealth=7524 (attract=7800)  grain=35346  wine= 207  m=  0 w=  0  spoil=38  food_days=2209.1  unrest=  0 (Calm)  pop=16 out×1.00 fam=0 pro=958  ind_mwtx= 0/ 0/ 0/ 0      npc_wholesale buy=3u/3c sell=0u/0c
  port gythion     wealth= 982 (attract= 994)  grain=1203  wine= 930  m=  0 w=  0  spoil=21  food_days=171.9  unrest=  0 (Calm)  pop=7 out×0.78 fam=0 pro=31  ind_mwtx= 0/ 0/ 0/ 0      npc_wholesale buy=0u/0c sell=0u/0c
  port halicarnassus  wealth=1153 (attract=1158)  grain=1518  wine=1144  m=  0 w=  0  spoil=27  food_days=216.9  unrest=  0 (Calm)  pop=7 out×0.88 fam=0 pro=0  ind_mwtx= 0/ 0/ 0/ 0      npc_wholesale buy=0u/0c sell=0u/0c
  port hippo       wealth=8008 (attract=8000)  grain=40828  wine= 289  m= 83 w=  0  spoil=38  food_days=2916.3  unrest=  0 (Calm)  pop=14 out×1.00 fam=0 pro=966  ind_mwtx= 1/ 1/ 0/ 0      npc_wholesale buy=0u/0c sell=0u/0c
  port kition      wealth=1802 (attract=1677)  grain=1220  wine=   8  m=  0 w=  0  spoil=22  food_days=152.5  unrest=  0 (Calm)  pop=8 out×0.80 fam=0 pro=34  ind_mwtx= 4/ 1/ 0/ 0      npc_wholesale buy=11u/11c sell=12u/35c
  port knossos     wealth=1172 (attract=1281)  grain=1675  wine=1388  m=  0 w=  0  spoil=29  food_days=167.5  unrest=  0 (Calm)  pop=10 out×1.00 fam=0 pro=0  ind_mwtx= 0/ 0/ 0/ 0      npc_wholesale buy=0u/0c sell=0u/0c
  port kourion_coast  wealth=2746 (attract=2958)  grain=7455  wine= 831  m=  0 w=  0  spoil=38  food_days=931.9  unrest=  0 (Calm)  pop=8 out×1.00 fam=0 pro=759  ind_mwtx= 0/ 0/ 0/ 0      npc_wholesale buy=0u/0c sell=0u/0c
  port kydonia     wealth=1515 (attract=1543)  grain=2029  wine=2026  m=  0 w=  0  spoil=36  food_days=253.6  unrest=  0 (Calm)  pop=8 out×1.14 fam=0 pro=0  ind_mwtx= 0/ 0/ 0/ 0      npc_wholesale buy=6u/6c sell=8u/16c
  port larnaca_fields  wealth=2985 (attract=3182)  grain=8515  wine= 833  m=  0 w=  0  spoil=38  food_days=1064.4  unrest=  0 (Calm)  pop=8 out×1.00 fam=0 pro=723  ind_mwtx= 0/ 0/ 0/ 0      npc_wholesale buy=0u/0c sell=0u/0c
  port lepcis_minor_bread  wealth=2775 (attract=2970)  grain=7502  wine= 872  m=  0 w=  0  spoil=38  food_days=937.8  unrest=  0 (Calm)  pop=8 out×1.00 fam=0 pro=723  ind_mwtx= 0/ 0/ 0/ 0      npc_wholesale buy=0u/0c sell=0u/0c
  port leptis_magna  wealth=1519 (attract=1420)  grain=1395  wine=  20  m=  0 w=  0  spoil=25  food_days=126.8  unrest=  0 (Calm)  pop=11 out×1.00 fam=0 pro=22  ind_mwtx= 0/ 0/ 0/ 0      npc_wholesale buy=0u/0c sell=0u/0c
  port licata_bread  wealth=2714 (attract=2943)  grain=8524  wine= 941  m=  0 w=  0  spoil=38  food_days=1065.5  unrest=  0 (Calm)  pop=8 out×1.00 fam=0 pro=680  ind_mwtx= 0/ 0/ 0/ 0      npc_wholesale buy=3u/3c sell=8u/16c
  port locri       wealth=1107 (attract=1104)  grain=1235  wine=1098  m=  0 w=  0  spoil=22  food_days=154.4  unrest=  0 (Calm)  pop=8 out×0.80 fam=0 pro=14  ind_mwtx= 0/ 0/ 0/ 0      npc_wholesale buy=0u/0c sell=8u/16c
  port malaka      wealth=1912 (attract=1773)  grain=1620  wine=  55  m=  0 w=  0  spoil=29  food_days=147.3  unrest=  0 (Calm)  pop=11 out×1.10 fam=0 pro=21  ind_mwtx= 0/ 0/ 0/ 0      npc_wholesale buy=9u/9c sell=8u/16c
  port maroni_plain  wealth=2548 (attract=2718)  grain=7496  wine= 841  m=  0 w=  0  spoil=38  food_days=937.0  unrest=  0 (Calm)  pop=8 out×1.00 fam=0 pro=616  ind_mwtx= 0/ 0/ 0/ 0      npc_wholesale buy=20u/20c sell=0u/0c
  port massalia    wealth=2197 (attract=2261)  grain=2545  wine=1410  m=  0 w=  0  spoil=38  food_days=282.8  unrest=  0 (Calm)  pop=9 out×0.72 fam=0 pro=0  ind_mwtx= 0/ 0/ 0/ 0      npc_wholesale buy=0u/0c sell=0u/0c
  port mazara_bread  wealth=2681 (attract=2921)  grain=8432  wine= 885  m=  0 w=  0  spoil=38  food_days=1054.0  unrest=  0 (Calm)  pop=8 out×1.00 fam=0 pro=723  ind_mwtx= 0/ 0/ 0/ 0      npc_wholesale buy=0u/0c sell=0u/0c
  port megara      wealth= 823 (attract= 853)  grain=1270  wine= 966  m=  0 w=  0  spoil=22  food_days=254.0  unrest=  0 (Calm)  pop=5 out×0.72 fam=0 pro=5  ind_mwtx= 0/ 0/ 0/ 0      npc_wholesale buy=5u/5c sell=7u/22c
  port memphis     wealth=8068 (attract=8000)  grain=125237  wine=  12  m=  0 w=  0  spoil=38  food_days=7827.3  unrest=  0 (Calm)  pop=16 out×1.00 fam=0 pro=999  ind_mwtx= 0/ 0/ 0/ 0      npc_wholesale buy=0u/0c sell=0u/0c
  port messana     wealth=6726 (attract=6965)  grain=33038  wine= 155  m=  0 w=  0  spoil=38  food_days=1651.9  unrest=  0 (Calm)  pop=20 out×1.00 fam=0 pro=957  ind_mwtx= 2/ 1/ 0/ 0      npc_wholesale buy=0u/0c sell=0u/0c
  port miletus     wealth=2106 (attract=2150)  grain=2789  wine=1487  m=  0 w=  0  spoil=38  food_days=464.8  unrest=  0 (Calm)  pop=6 out×0.72 fam=0 pro=0  ind_mwtx= 0/ 0/ 0/ 0      npc_wholesale buy=2u/2c sell=6u/12c
  port motya       wealth=1639 (attract=1536)  grain=1547  wine=  42  m=  0 w=  0  spoil=27  food_days=171.9  unrest=  0 (Calm)  pop=9 out×0.90 fam=0 pro=24  ind_mwtx= 0/ 0/ 0/ 0      npc_wholesale buy=8u/8c sell=4u/20c
  port naucratis   wealth=8073 (attract=8000)  grain=128903  wine=1414  m=  0 w=  0  spoil=38  food_days=8056.4  unrest=  0 (Calm)  pop=16 out×1.00 fam=0 pro=999  ind_mwtx= 0/ 0/ 0/ 0      npc_wholesale buy=9u/9c sell=8u/24c
  port naxos_sicily  wealth=1429 (attract=1505)  grain=1999  wine=1865  m=  0 w=  0  spoil=35  food_days=249.9  unrest=  0 (Calm)  pop=8 out×1.14 fam=0 pro=0  ind_mwtx= 0/ 0/ 0/ 0      npc_wholesale buy=5u/5c sell=0u/0c
  port neapolis    wealth=2824 (attract=2877)  grain=2836  wine=1840  m=  0 w=  0  spoil=38  food_days=283.6  unrest=  0 (Calm)  pop=10 out×0.77 fam=0 pro=0  ind_mwtx= 1/ 0/ 0/ 0      npc_wholesale buy=5u/5c sell=10u/31c
  port nikaia      wealth=1104 (attract=1052)  grain=1196  wine=1174  m=  0 w=  0  spoil=21  food_days=199.3  unrest=  0 (Calm)  pop=6 out×0.72 fam=0 pro=28  ind_mwtx= 0/ 0/ 0/ 0      npc_wholesale buy=1u/1c sell=4u/20c
  port oea         wealth=1533 (attract=1485)  grain=1483  wine=  47  m=  0 w=  0  spoil=26  food_days=164.8  unrest=  0 (Calm)  pop=9 out×1.00 fam=0 pro=17  ind_mwtx= 0/ 0/ 0/ 0      npc_wholesale buy=6u/6c sell=8u/16c
  port olbia_pontic  wealth=8087 (attract=8000)  grain=39577  wine=2040  m=  0 w=  0  spoil=38  food_days=2473.6  unrest=  0 (Calm)  pop=16 out×1.00 fam=0 pro=970  ind_mwtx= 0/ 0/ 0/ 0      npc_wholesale buy=0u/0c sell=0u/0c
  port olbia_sardinia  wealth=1498 (attract=1427)  grain=1565  wine=  40  m=  0 w=  0  spoil=28  food_days=173.9  unrest=  0 (Calm)  pop=9 out×1.00 fam=0 pro=27  ind_mwtx= 0/ 0/ 0/ 0      npc_wholesale buy=6u/6c sell=3u/24c
  port onoba_bread  wealth=3046 (attract=3170)  grain=7554  wine= 786  m=  0 w=  0  spoil=38  food_days=944.2  unrest=  0 (Calm)  pop=8 out×1.00 fam=0 pro=923  ind_mwtx= 0/ 0/ 0/ 0      npc_wholesale buy=9u/9c sell=8u/24c
  port ostia       wealth= 699 (attract= 565)  grain=1272  wine= 101  m=  0 w=  0  spoil=22  food_days= 97.8  unrest=  0 (Calm)  pop=13 out×0.87 fam=0 pro=33  ind_mwtx= 1/ 0/ 0/ 0      npc_wholesale buy=2u/2c sell=14u/36c
  port panormus    wealth=8037 (attract=8000)  grain=36608  wine= 333  m=  0 w=  0  spoil=38  food_days=2033.8  unrest=  0 (Calm)  pop=18 out×1.00 fam=0 pro=981  ind_mwtx= 0/ 0/ 0/ 0      npc_wholesale buy=0u/0c sell=0u/0c
  port pantikapaion  wealth=3116 (attract=3276)  grain=3523  wine=2440  m=  0 w=  0  spoil=38  food_days=251.6  unrest=  0 (Calm)  pop=14 out×0.93 fam=0 pro=0  ind_mwtx= 0/ 0/ 0/ 0      npc_wholesale buy=5u/5c sell=0u/0c
  port paphos      wealth=1147 (attract=1150)  grain=1350  wine=1157  m=  0 w=  0  spoil=24  food_days=150.0  unrest=  0 (Calm)  pop=9 out×0.82 fam=0 pro=0  ind_mwtx= 0/ 0/ 0/ 0      npc_wholesale buy=0u/0c sell=0u/0c
  port populonia   wealth= 738 (attract= 630)  grain=1333  wine=  38  m=  0 w=  0  spoil=24  food_days=166.6  unrest=  0 (Calm)  pop=8 out×0.80 fam=0 pro=15  ind_mwtx= 4/ 1/ 0/ 0      npc_wholesale buy=4u/4c sell=8u/20c
  port poseidonia  wealth=1072 (attract=1014)  grain=1242  wine=1052  m=  0 w=  1  spoil=22  food_days=138.0  unrest=  0 (Calm)  pop=9 out×0.90 fam=0 pro=18  ind_mwtx= 0/ 1/ 0/ 0      npc_wholesale buy=4u/4c sell=1u/4c
  port ptolemais_akkaron  wealth=2521 (attract=2686)  grain=7488  wine= 870  m=  0 w=  0  spoil=38  food_days=936.0  unrest=  0 (Calm)  pop=8 out×1.00 fam=0 pro=665  ind_mwtx= 0/ 0/ 0/ 0      npc_wholesale buy=0u/0c sell=0u/0c
  port pupput_fields  wealth=2983 (attract=3174)  grain=8460  wine= 832  m=  0 w=  0  spoil=38  food_days=1057.5  unrest=  0 (Calm)  pop=8 out×1.00 fam=0 pro=805  ind_mwtx= 0/ 0/ 0/ 0      npc_wholesale buy=0u/0c sell=0u/0c
  port pyrgi       wealth= 545 (attract= 543)  grain=1387  wine= 219  m=  0 w=  0  spoil=25  food_days=198.1  unrest=  0 (Calm)  pop=7 out×0.88 fam=0 pro=1  ind_mwtx= 1/ 0/ 0/ 0      npc_wholesale buy=9u/9c sell=11u/28c
  port rhegium     wealth=1148 (attract=1076)  grain=1221  wine=1026  m= 20 w=  0  spoil=22  food_days=203.5  unrest=  0 (Calm)  pop=6 out×0.72 fam=0 pro=17  ind_mwtx= 1/ 0/ 0/ 0      npc_wholesale buy=4u/4c sell=9u/19c
  port rhode_iberia  wealth= 941 (attract= 933)  grain=1289  wine=1049  m=  0 w=  0  spoil=23  food_days=257.8  unrest=  0 (Calm)  pop=5 out×0.72 fam=0 pro=17  ind_mwtx= 0/ 0/ 0/ 0      npc_wholesale buy=2u/2c sell=6u/14c
  port rhodes      wealth=3184 (attract=3239)  grain=3586  wine=2218  m=  0 w=  0  spoil=38  food_days=275.8  unrest=  0 (Calm)  pop=13 out×0.93 fam=0 pro=0  ind_mwtx= 0/ 0/ 0/ 0      npc_wholesale buy=6u/6c sell=8u/16c
  port rome        wealth=1214 (attract=1177)  grain=3525  wine= 754  m=  0 w=  0  spoil=38  food_days=251.8  unrest=  0 (Calm)  pop=14 out×0.82 fam=0 pro=17  ind_mwtx= 0/ 0/ 0/ 0      npc_wholesale buy=0u/0c sell=0u/0c
  port sabratha    wealth=1568 (attract=1505)  grain=1401  wine=  47  m=  0 w=  0  spoil=25  food_days=200.1  unrest=  0 (Calm)  pop=7 out×0.88 fam=0 pro=29  ind_mwtx= 0/ 0/ 2/ 1      npc_wholesale buy=10u/10c sell=9u/32c
  port salamis_cyprus  wealth=1796 (attract=1840)  grain=2161  wine=2237  m=  0 w=  0  spoil=38  food_days=180.1  unrest=  0 (Calm)  pop=12 out×1.28 fam=0 pro=0  ind_mwtx= 0/ 0/ 0/ 0      npc_wholesale buy=3u/3c sell=8u/16c
  port sciacca_coast  wealth=2728 (attract=2946)  grain=7487  wine= 841  m=  0 w=  0  spoil=38  food_days=935.9  unrest=  0 (Calm)  pop=8 out×1.00 fam=0 pro=762  ind_mwtx= 0/ 0/ 0/ 0      npc_wholesale buy=0u/0c sell=0u/0c
  port selinus     wealth= 907 (attract= 838)  grain=1278  wine= 832  m=  0 w=  0  spoil=23  food_days=159.8  unrest=  0 (Calm)  pop=8 out×0.80 fam=0 pro=23  ind_mwtx= 0/ 0/ 0/ 0      npc_wholesale buy=0u/0c sell=3u/12c
  port sexi        wealth=1613 (attract=1556)  grain=1311  wine=  43  m=  0 w=  0  spoil=23  food_days=187.3  unrest=  0 (Calm)  pop=7 out×0.78 fam=0 pro=26  ind_mwtx= 0/ 0/ 0/ 0      npc_wholesale buy=2u/2c sell=3u/15c
  port sicyon_bread  wealth=2512 (attract=2736)  grain=7448  wine= 896  m=  0 w=  0  spoil=38  food_days=931.0  unrest=  0 (Calm)  pop=8 out×1.00 fam=0 pro=617  ind_mwtx= 0/ 0/ 0/ 0      npc_wholesale buy=0u/0c sell=0u/0c
  port sidon       wealth=1452 (attract=1353)  grain=1193  wine=  13  m=  0 w=  0  spoil=21  food_days=132.6  unrest=  0 (Calm)  pop=9 out×0.82 fam=0 pro=18  ind_mwtx= 0/ 0/ 0/ 0      npc_wholesale buy=0u/0c sell=0u/0c
  port sinope      wealth=1321 (attract=1226)  grain=1457  wine=1312  m=  0 w=  0  spoil=26  food_days=182.1  unrest=  0 (Calm)  pop=8 out×0.89 fam=0 pro=8  ind_mwtx= 0/ 0/ 0/ 0      npc_wholesale buy=1u/1c sell=2u/12c
  port smyrna      wealth= 892 (attract= 968)  grain=1287  wine= 973  m=  0 w=  0  spoil=23  food_days=214.5  unrest=  0 (Calm)  pop=6 out×0.75 fam=0 pro=3  ind_mwtx= 0/ 0/ 0/ 0      npc_wholesale buy=0u/0c sell=0u/0c
  port solus       wealth=1405 (attract=1344)  grain=1249  wine=   8  m=  0 w=  0  spoil=22  food_days=156.1  unrest=  0 (Calm)  pop=8 out×0.89 fam=0 pro=18  ind_mwtx= 0/ 0/ 0/ 0      npc_wholesale buy=0u/0c sell=0u/0c
  port sulci       wealth=1564 (attract=1507)  grain=1269  wine=  14  m=  0 w=  0  spoil=22  food_days=141.0  unrest=  0 (Calm)  pop=9 out×0.82 fam=0 pro=22  ind_mwtx= 4/ 1/ 0/ 0      npc_wholesale buy=0u/0c sell=0u/0c
  port syracuse    wealth=2381 (attract=2495)  grain=2853  wine=1739  m=  0 w=  0  spoil=38  food_days=285.3  unrest=  0 (Calm)  pop=10 out×0.77 fam=0 pro=0  ind_mwtx= 0/ 0/ 0/ 0      npc_wholesale buy=3u/3c sell=0u/0c
  port taras       wealth=2879 (attract=2991)  grain=3266  wine=2121  m=  0 w=  0  spoil=38  food_days=251.2  unrest=  0 (Calm)  pop=13 out×0.87 fam=0 pro=0  ind_mwtx= 0/ 0/ 3/ 0      npc_wholesale buy=3u/3c sell=2u/84c
  port thapsus_bread  wealth=3047 (attract=3246)  grain=8447  wine= 913  m=  2 w=  0  spoil=38  food_days=1055.9  unrest=  0 (Calm)  pop=8 out×1.00 fam=0 pro=723  ind_mwtx= 0/ 0/ 0/ 0      npc_wholesale buy=3u/3c sell=10u/50c
  port tharros     wealth=1709 (attract=1597)  grain=1350  wine=  41  m= 17 w=  0  spoil=24  food_days=135.0  unrest=  0 (Calm)  pop=10 out×0.91 fam=0 pro=23  ind_mwtx= 1/ 0/ 1/ 0      npc_wholesale buy=7u/15c sell=10u/38c
  port tiber_mouth_bread  wealth=2454 (attract=2669)  grain=8472  wine= 842  m=  0 w=  0  spoil=38  food_days=1059.0  unrest=  0 (Calm)  pop=8 out×1.00 fam=0 pro=682  ind_mwtx= 0/ 0/ 0/ 0      npc_wholesale buy=0u/0c sell=0u/0c
  port tingis      wealth= 631 (attract= 454)  grain=1271  wine=  45  m= 13 w=  0  spoil=22  food_days=141.2  unrest=  0 (Calm)  pop=9 out×0.90 fam=0 pro=16  ind_mwtx= 1/ 0/ 0/ 0      npc_wholesale buy=4u/4c sell=8u/24c
  port trapezus    wealth= 880 (attract= 980)  grain=1243  wine=1048  m=  0 w=  0  spoil=22  food_days=207.2  unrest=  0 (Calm)  pop=6 out×0.72 fam=0 pro=0  ind_mwtx= 0/ 0/ 0/ 0      npc_wholesale buy=0u/0c sell=0u/0c
  port troezen_coast  wealth=2825 (attract=3011)  grain=7447  wine= 871  m=  0 w=  0  spoil=38  food_days=930.9  unrest=  0 (Calm)  pop=8 out×1.00 fam=0 pro=698  ind_mwtx= 0/ 0/ 0/ 0      npc_wholesale buy=0u/0c sell=0u/0c
  port tyre        wealth=2627 (attract=2651)  grain=2840  wine= 433  m=  0 w=  0  spoil=38  food_days=218.5  unrest=  0 (Calm)  pop=13 out×0.81 fam=0 pro=20  ind_mwtx= 0/ 0/ 0/ 0      npc_wholesale buy=1u/1c sell=5u/19c
  port utica       wealth=1453 (attract=1405)  grain=1242  wine=   4  m=  0 w=  0  spoil=22  food_days=155.2  unrest=  0 (Calm)  pop=8 out×0.73 fam=0 pro=18  ind_mwtx= 0/ 0/ 0/ 0      npc_wholesale buy=7u/7c sell=9u/20c
  port velletri_plain  wealth=2351 (attract=2529)  grain=7520  wine= 901  m=  0 w=  0  spoil=38  food_days=940.0  unrest=  0 (Calm)  pop=8 out×1.00 fam=0 pro=600  ind_mwtx= 0/ 0/ 0/ 0      npc_wholesale buy=0u/0c sell=0u/0c

-- after advance #3000 (calendar day 3025) --
  player: money=0  fleet=1  cargo_cap=24  ship=77/100  port=akragas  at_sea=False  |  world_treasury=0c  |  npc: agents=2201  ships=2201  at_sea=2012  total_purse=320836
  npc merchant balance_sheet(all)=1042789c  investments=721953c  (fleet_book=528240c + cargo_mark=193713c)
  port acre_feed   wealth=1332 (attract=1262)  grain= 164  wine=   0  m=  0 w=  0  spoil= 3  food_days= 20.5  unrest=  0 (Calm)  pop=8 out×1.00 fam=0 pro=999  ind_mwtx= 0/ 0/ 0/ 0      npc_wholesale buy=2u/2c sell=0u/0c
  port agde_bread  wealth=1597 (attract=1511)  grain= 615  wine=   0  m=  0 w=  0  spoil=11  food_days= 76.9  unrest=  0 (Calm)  pop=8 out×1.00 fam=0 pro=999  ind_mwtx= 0/ 0/ 0/ 0      npc_wholesale buy=0u/0c sell=0u/0c
  port ager_narbonensis  wealth=1635 (attract=1490)  grain= 587  wine=   0  m=  0 w=  0  spoil=11  food_days= 73.4  unrest=  0 (Calm)  pop=8 out×1.00 fam=0 pro=999  ind_mwtx= 0/ 0/ 0/ 0      npc_wholesale buy=12u/12c sell=8u/20c
  port akragas     wealth=6143 (attract=5886)  grain=21022  wine=   0  m=  0 w=  0  spoil=38  food_days=1313.9  unrest=  0 (Calm)  pop=16 out×1.00 fam=0 pro=999  ind_mwtx= 0/ 0/ 0/ 0      npc_wholesale buy=14u/22c sell=8u/81c
  port aleria      wealth= 294 (attract= 181)  grain=   0  wine=   0  m=  0 w=  0  spoil= 0  food_days=  0.0  unrest=115 (Critical)  pop=5 out×0.72 fam=0 pro=0  ind_mwtx= 0/ 0/ 0/ 0      npc_wholesale buy=0u/0c sell=0u/0c
  port alexandria  wealth=8184 (attract=8000)  grain=52691  wine=   1  m=  0 w=  0  spoil=38  food_days=2026.6  unrest=  0 (Calm)  pop=26 out×1.00 fam=0 pro=999  ind_mwtx= 0/ 0/ 0/ 0      npc_wholesale buy=2u/2c sell=6u/18c
  port antipolis   wealth= 276 (attract= 130)  grain=   0  wine=   0  m=  0 w=  0  spoil= 0  food_days=  0.0  unrest=181 (Critical)  pop=5 out×0.72 fam=15 pro=0  ind_mwtx= 0/ 0/ 0/ 1      npc_wholesale buy=3u/15c sell=6u/28c
  port antium_coast  wealth=1388 (attract=1317)  grain= 158  wine=   0  m=  0 w=  0  spoil= 3  food_days= 19.8  unrest=  0 (Calm)  pop=8 out×1.00 fam=0 pro=999  ind_mwtx= 0/ 0/ 0/ 0      npc_wholesale buy=0u/0c sell=0u/0c
  port apollonia_cyrenaica  wealth= 479 (attract= 336)  grain=   0  wine=   2  m=  0 w=  0  spoil= 1  food_days=  0.0  unrest=133 (Critical)  pop=12 out×1.00 fam=22 pro=0  ind_mwtx= 0/ 0/ 0/ 0      npc_wholesale buy=7u/7c sell=0u/0c
  port arados      wealth=2010 (attract=1925)  grain=   0  wine=   0  m=  0 w=  0  spoil= 0  food_days=  0.0  unrest=185 (Critical)  pop=9 out×0.72 fam=23 pro=0  ind_mwtx= 0/ 0/ 0/ 0      npc_wholesale buy=0u/0c sell=0u/0c
  port arelate_bread  wealth=1640 (attract=1601)  grain=1210  wine=   0  m=  0 w=  0  spoil=21  food_days=151.2  unrest=  0 (Calm)  pop=8 out×1.00 fam=0 pro=999  ind_mwtx= 0/ 0/ 0/ 0      npc_wholesale buy=0u/0c sell=0u/0c
  port athens_piraeus  wealth=1050 (attract= 919)  grain=   0  wine=   0  m=  0 w=  0  spoil= 0  food_days=  0.0  unrest=172 (Critical)  pop=15 out×0.88 fam=9 pro=0  ind_mwtx= 1/ 0/ 0/ 0      npc_wholesale buy=1u/1c sell=3u/22c
  port baitis_estuary  wealth=1913 (attract=1843)  grain= 564  wine=   0  m=  0 w=  0  spoil=10  food_days= 70.5  unrest=  0 (Calm)  pop=8 out×1.00 fam=0 pro=999  ind_mwtx= 0/ 0/ 0/ 0      npc_wholesale buy=0u/0c sell=0u/0c
  port byblos      wealth=1728 (attract=1600)  grain=  14  wine=   0  m=  0 w=  0  spoil= 1  food_days=  1.4  unrest= 76 (Tense)  pop=10 out×0.91 fam=0 pro=0  ind_mwtx= 0/ 0/ 0/ 0      npc_wholesale buy=0u/0c sell=0u/0c
  port byzantion   wealth= 665 (attract= 258)  grain=   0  wine=   0  m=  0 w=  0  spoil= 0  food_days=  0.0  unrest=185 (Critical)  pop=14 out×1.00 fam=15 pro=0  ind_mwtx= 0/ 0/ 0/ 0      npc_wholesale buy=14u/14c sell=16u/40c
  port caere       wealth= 531 (attract= 341)  grain=   0  wine=   0  m=  0 w=  0  spoil= 0  food_days=  0.0  unrest=142 (Critical)  pop=11 out×0.79 fam=14 pro=0  ind_mwtx= 1/ 0/ 0/ 0      npc_wholesale buy=11u/16c sell=12u/36c
  port caralis     wealth=1755 (attract=1690)  grain=   7  wine=   0  m=  1 w=  0  spoil= 1  food_days=  0.7  unrest=179 (Critical)  pop=10 out×0.83 fam=11 pro=0  ind_mwtx= 0/ 0/ 0/ 0      npc_wholesale buy=0u/0c sell=14u/85c
  port carteia_coast  wealth=1830 (attract=1742)  grain= 159  wine=   0  m=  0 w=  0  spoil= 3  food_days= 19.9  unrest=  0 (Calm)  pop=8 out×1.00 fam=0 pro=999  ind_mwtx= 0/ 0/ 0/ 0      npc_wholesale buy=0u/0c sell=0u/0c
  port carthage    wealth=2906 (attract=2625)  grain=   2  wine=   2  m=  0 w=  0  spoil= 1  food_days=  0.1  unrest=185 (Critical)  pop=16 out×0.76 fam=11 pro=0  ind_mwtx= 1/ 0/ 0/ 0  W3  npc_wholesale buy=1u/5c sell=7u/37c
  port carthago_nova  wealth=2059 (attract=1852)  grain=   0  wine=   0  m=  0 w=  0  spoil= 0  food_days=  0.0  unrest=143 (Critical)  pop=11 out×0.79 fam=9 pro=0  ind_mwtx= 3/ 1/ 0/ 0      npc_wholesale buy=0u/0c sell=0u/0c
  port catane      wealth=6496 (attract=6211)  grain=23357  wine=   0  m=  0 w=  0  spoil=38  food_days=1459.8  unrest=  0 (Calm)  pop=16 out×1.00 fam=0 pro=999  ind_mwtx= 0/ 0/ 1/ 0      npc_wholesale buy=16u/48c sell=9u/60c
  port cenchreae_bread  wealth=1689 (attract=1560)  grain= 426  wine=   0  m=  0 w=  0  spoil= 8  food_days= 53.2  unrest=  0 (Calm)  pop=8 out×1.00 fam=0 pro=999  ind_mwtx= 0/ 0/ 0/ 0      npc_wholesale buy=9u/9c sell=8u/18c
  port chalcedon   wealth= 219 (attract= 121)  grain=   0  wine=   3  m=  1 w=  0  spoil= 0  food_days=  0.0  unrest=174 (Critical)  pop=6 out×0.72 fam=8 pro=0  ind_mwtx= 1/ 0/ 0/ 0      npc_wholesale buy=0u/0c sell=4u/8c
  port chalcis     wealth= 559 (attract= 369)  grain=   0  wine=   0  m=  0 w=  0  spoil= 0  food_days=  0.0  unrest= 33 (Calm)  pop=10 out×0.77 fam=5 pro=0  ind_mwtx= 0/ 0/ 0/ 0      npc_wholesale buy=1u/2c sell=3u/12c
  port chersonesos  wealth=7715 (attract=7462)  grain=30088  wine=   0  m=  0 w=  0  spoil=38  food_days=1880.5  unrest=  0 (Calm)  pop=16 out×1.00 fam=0 pro=999  ind_mwtx= 0/ 0/ 0/ 0      npc_wholesale buy=9u/9c sell=12u/34c
  port corinth     wealth=1794 (attract=1731)  grain=  10  wine=   0  m=  0 w=  0  spoil= 1  food_days=  0.8  unrest=189 (Critical)  pop=12 out×0.86 fam=8 pro=0  ind_mwtx= 0/ 0/ 0/ 0      npc_wholesale buy=0u/0c sell=11u/44c
  port croton      wealth= 482 (attract= 310)  grain=   0  wine=   0  m=  0 w=  0  spoil= 0  food_days=  0.0  unrest=125 (Critical)  pop=5 out×0.72 fam=20 pro=0  ind_mwtx= 0/ 0/ 0/ 0      npc_wholesale buy=5u/5c sell=8u/16c
  port cumae       wealth= 351 (attract= 206)  grain=   0  wine=   0  m=  0 w=  0  spoil= 0  food_days=  0.0  unrest=173 (Critical)  pop=5 out×0.72 fam=14 pro=0  ind_mwtx= 0/ 0/ 0/ 0      npc_wholesale buy=5u/15c sell=8u/18c
  port cyrene      wealth=7125 (attract=6905)  grain=28372  wine=   0  m=  0 w=  1  spoil=38  food_days=1773.2  unrest=  0 (Calm)  pop=16 out×1.00 fam=0 pro=999  ind_mwtx= 0/ 1/ 0/ 0      npc_wholesale buy=9u/9c sell=0u/0c
  port dor_coast_bread  wealth=1762 (attract=1703)  grain= 146  wine=   0  m=  0 w=  0  spoil= 3  food_days= 18.2  unrest=  0 (Calm)  pop=8 out×1.00 fam=0 pro=999  ind_mwtx= 0/ 0/ 0/ 0      npc_wholesale buy=0u/0c sell=0u/0c